{
  "stats": {
    "suites": 1,
    "tests": 1,
    "passes": 0,
    "pending": 0,
    "failures": 1,
    "start": "2025-11-21T06:18:30.973Z",
    "end": "2025-11-21T06:18:38.798Z",
    "duration": 7825,
    "testsRegistered": 1,
    "passPercent": 0,
    "pendingPercent": 0,
    "other": 0,
    "hasOther": false,
    "skipped": 0,
    "hasSkipped": false
  },
  "results": [
    {
      "uuid": "ca640f3c-976a-4ba5-9b39-3e4f8e8581d9",
      "title": "",
      "fullFile": "cypress/e2e/Authentication/logout-flow.cy.ts",
      "file": "cypress/e2e/Authentication/logout-flow.cy.ts",
      "beforeHooks": [],
      "afterHooks": [],
      "tests": [],
      "suites": [
        {
          "uuid": "270b560a-7cb6-4f2f-85ba-1671e23afddf",
          "title": "Log out flow",
          "fullFile": "",
          "file": "",
          "beforeHooks": [],
          "afterHooks": [],
          "tests": [
            {
              "title": "Admin logout/Re-login flow",
              "fullTitle": "Log out flow Admin logout/Re-login flow",
              "timedOut": null,
              "duration": 6912,
              "state": "failed",
              "speed": null,
              "pass": false,
              "fail": true,
              "pending": false,
              "context": null,
              "code": "cy.get(\"[type$='text']\").type(\"qa@userank.com\");\ncy.get(\"[type$='password']\").type(\"Password@Rank1234\");\ncy.get(\"[type$='submit']\").click();\n/*cy.get(\"[class$='flex flex-col gap-y-4 items-center px-8 py-6']\")\ncy.contains('Continue').click()*/\ncy.get('body').then(($body) => {\n    if ($body.find(\"[class*='cursor-text']\").length) {\n        cy.get(\"[class*='cursor-text']\").type('000000');\n    }\n    else {\n        cy.log('No OTP field found, skipping OTP input.');\n    }\n    cy.get(\"[class*='animate-spin']\").should('be.visible');\n});\ncy.get(\"[class$='flex h-[48px] w-max items-center justify-between gap-2 border border-[#470C00] bg-[#470C00] rounded-full p-3 text-sm font-medium hover:bg-[#452a25] mb-1']\").click();\ncy.get(\"[class$='p-3 w-full bg-white rounded-md hover:cursor-pointer hover:bg-[#452a25] hover:text-white']\").within(() => {\n    cy.contains('Logout').click();\n});\n// Re-Login User ---------------------------\ncy.get(\"[class$='flex flex-col gap-y-4 items-start justify-start p-4']\");\ncy.get(\"[type$='text']\").type(\"qa@userank.com\");\ncy.get(\"[type$='password']\").type(\"qa@userank.com\");\ncy.get(\"[type$='submit']\").click();\ncy.get('body').then(($body) => {\n    if ($body.find(\"[class*='cursor-text']\").length) {\n        cy.get(\"[class*='cursor-text']\").type('000000');\n    }\n    else {\n        cy.log('No OTP field found, skipping OTP input.');\n    }\n    cy.get(\"[class*='animate-spin']\").should('be.visible');\n});",
              "err": {
                "message": "AssertionError: Timed out retrying after 4000ms: Expected to find element: `[class$='flex h-[48px] w-max items-center justify-between gap-2 border border-[#470C00] bg-[#470C00] rounded-full p-3 text-sm font-medium hover:bg-[#452a25] mb-1']`, but never found it.",
                "estack": "AssertionError: Timed out retrying after 4000ms: Expected to find element: `[class$='flex h-[48px] w-max items-center justify-between gap-2 border border-[#470C00] bg-[#470C00] rounded-full p-3 text-sm font-medium hover:bg-[#452a25] mb-1']`, but never found it.\n    at Context.eval (webpack:///./cypress/e2e/Authentication/logout-flow.cy.ts:22:7)",
                "diff": null
              },
              "uuid": "9d9e9488-8aaf-41af-9b07-77ea9bb7cb72",
              "parentUUID": "270b560a-7cb6-4f2f-85ba-1671e23afddf",
              "isHook": false,
              "skipped": false
            }
          ],
          "suites": [],
          "passes": [],
          "failures": [
            "9d9e9488-8aaf-41af-9b07-77ea9bb7cb72"
          ],
          "pending": [],
          "skipped": [],
          "duration": 6912,
          "root": false,
          "rootEmpty": false,
          "_timeout": 2000
        }
      ],
      "passes": [],
      "failures": [],
      "pending": [],
      "skipped": [],
      "duration": 0,
      "root": true,
      "rootEmpty": true,
      "_timeout": 2000
    }
  ],
  "meta": {
    "mocha": {
      "version": "7.2.0"
    },
    "mochawesome": {
      "options": {
        "quiet": false,
        "reportFilename": "mochawesome",
        "saveHtml": false,
        "saveJson": true,
        "consoleReporter": "spec",
        "useInlineDiffs": false,
        "code": true
      },
      "version": "7.1.4"
    },
    "marge": {
      "options": {
        "reportDir": "reports",
        "overwrite": false,
        "html": false,
        "json": true
      },
      "version": "6.3.0"
    }
  }
}