{
  "stats": {
    "suites": 2,
    "tests": 2,
    "passes": 1,
    "pending": 0,
    "failures": 1,
    "start": "2025-11-07T15:31:42.884Z",
    "end": "2025-11-07T15:32:08.098Z",
    "duration": 25214,
    "testsRegistered": 2,
    "passPercent": 50,
    "pendingPercent": 0,
    "other": 0,
    "hasOther": false,
    "skipped": 0,
    "hasSkipped": false
  },
  "results": [
    {
      "uuid": "d48b06f0-c449-4098-8681-d5c5ec5f6ed1",
      "title": "",
      "fullFile": "cypress/e2e/rank-admin.-authentication.cy.js",
      "file": "cypress/e2e/rank-admin.-authentication.cy.js",
      "beforeHooks": [],
      "afterHooks": [],
      "tests": [],
      "suites": [
        {
          "uuid": "8557e195-7e5e-4363-aa25-3eb8f2b9b31d",
          "title": "Admin Login - Input validations",
          "fullFile": "",
          "file": "",
          "beforeHooks": [],
          "afterHooks": [],
          "tests": [
            {
              "title": "Admin log in - Invalid credentials (No @)",
              "fullTitle": "Admin Login - Input validations Admin log in - Invalid credentials (No @)",
              "timedOut": null,
              "duration": 4187,
              "state": "passed",
              "speed": "fast",
              "pass": true,
              "fail": false,
              "pending": false,
              "context": null,
              "code": "cy.visit('https://moni-admin-fe.staging.rank.africa/');\ncy.get(\"[type$='text']\").type(\"heymoni.com\");\ncy.get(\"[type$='password']\").type(\"myAwesomeP@ssw0rd\");\ncy.get(\"[type$='submit']\").click();\ncy.get(\"[class$='text-red text-[14px]']\").should('be.visible').and('contain', 'Invalid');",
              "err": {},
              "uuid": "14f6b6ac-b075-4903-b285-3eaaae8a5706",
              "parentUUID": "8557e195-7e5e-4363-aa25-3eb8f2b9b31d",
              "isHook": false,
              "skipped": false
            }
          ],
          "suites": [],
          "passes": [
            "14f6b6ac-b075-4903-b285-3eaaae8a5706"
          ],
          "failures": [],
          "pending": [],
          "skipped": [],
          "duration": 4187,
          "root": false,
          "rootEmpty": false,
          "_timeout": 2000
        },
        {
          "uuid": "e51c4ece-a9f7-403d-8ad6-4ead5bc4cd24",
          "title": "Resend OTP flow",
          "fullFile": "",
          "file": "",
          "beforeHooks": [],
          "afterHooks": [],
          "tests": [
            {
              "title": "Resend OTP",
              "fullTitle": "Resend OTP flow Resend OTP",
              "timedOut": null,
              "duration": 19702,
              "state": "failed",
              "speed": null,
              "pass": false,
              "fail": true,
              "pending": false,
              "context": null,
              "code": "cy.visit('https://moni-admin-fe.staging.rank.africa/');\ncy.window().then(win => {\n  win.sessionStorage.clear();\n});\ncy.get(\"[type$='text']\").type(\"qa@userank.com\");\ncy.get(\"[type$='password']\").type(\"Password@Rank1234\");\ncy.get(\"[type$='submit']\").click();\n/*cy.get(\"[class$='flex flex-col gap-y-4 items-center px-8 py-6']\")\ncy.contains('Continue').click()*/\ncy.wait(3000);\ncy.get(\"[class$='self-center space-y-2']\").should('exist').within(() => {\n  cy.get(\"[class$='font-semibold']\").should('be.visible');\n});\ncy.wait(300000);\ncy.contains('Resend OTP').click();\ncy.contains('Resending');\ncy.wait(2000);\ncy.get(\"[class$='self-center space-y-2']\").should('exist').within(() => {\n  cy.get(\"[class$='font-semibold']\").should('be.visible');\n});",
              "err": {
                "message": "AssertionError: Timed out retrying after 15000ms: Expected to find element: `[class$='self-center space-y-2']`, but never found it.",
                "estack": "AssertionError: Timed out retrying after 15000ms: Expected to find element: `[class$='self-center space-y-2']`, but never found it.\n    at Context.eval (webpack:///./cypress/e2e/rank-admin.-authentication.cy.js:308:47)",
                "diff": null
              },
              "uuid": "d324b179-06f2-4e5a-b831-00fbf017cffa",
              "parentUUID": "e51c4ece-a9f7-403d-8ad6-4ead5bc4cd24",
              "isHook": false,
              "skipped": false
            }
          ],
          "suites": [],
          "passes": [],
          "failures": [
            "d324b179-06f2-4e5a-b831-00fbf017cffa"
          ],
          "pending": [],
          "skipped": [],
          "duration": 19702,
          "root": false,
          "rootEmpty": false,
          "_timeout": 2000
        }
      ],
      "passes": [],
      "failures": [],
      "pending": [],
      "skipped": [],
      "duration": 0,
      "root": true,
      "rootEmpty": true,
      "_timeout": 2000
    }
  ],
  "meta": {
    "mocha": {
      "version": "7.2.0"
    },
    "mochawesome": {
      "options": {
        "quiet": false,
        "reportFilename": "mochawesome",
        "saveHtml": false,
        "saveJson": true,
        "consoleReporter": "spec",
        "useInlineDiffs": false,
        "code": true
      },
      "version": "7.1.4"
    },
    "marge": {
      "options": {
        "reportDir": "reports",
        "overwrite": false,
        "html": false,
        "json": true
      },
      "version": "6.3.0"
    }
  }
}