{
  "stats": {
    "suites": 1,
    "tests": 1,
    "passes": 0,
    "pending": 0,
    "failures": 1,
    "start": "2025-11-05T10:59:51.057Z",
    "end": "2025-11-05T11:00:10.641Z",
    "duration": 19584,
    "testsRegistered": 1,
    "passPercent": 0,
    "pendingPercent": 0,
    "other": 0,
    "hasOther": false,
    "skipped": 0,
    "hasSkipped": false
  },
  "results": [
    {
      "uuid": "0e12f2de-f16a-46f9-8427-87b152b4945a",
      "title": "",
      "fullFile": "cypress/e2e/rank-admin-customer management.cy.js",
      "file": "cypress/e2e/rank-admin-customer management.cy.js",
      "beforeHooks": [],
      "afterHooks": [],
      "tests": [],
      "suites": [
        {
          "uuid": "7e0140a2-375c-4f2b-9d03-c9b8a9fe2e23",
          "title": "Customer Management - UI",
          "fullFile": "",
          "file": "",
          "beforeHooks": [],
          "afterHooks": [],
          "tests": [
            {
              "title": "Customer UI - Pagination",
              "fullTitle": "Customer Management - UI Customer UI - Pagination",
              "timedOut": null,
              "duration": 16402,
              "state": "failed",
              "speed": null,
              "pass": false,
              "fail": true,
              "pending": false,
              "context": null,
              "code": "cy.get(\"[class$='flex items-center justify-between w-full']\").within(() => {\n  cy.get(\"[class$='flex items-center gap-4']\").within(() => {\n    cy.get(\"[class$='text-sm text-gray-600']\");\n    cy.contains('Show').should('not.be.disabled');\n  });\n  cy.get(\"[aria-label$='Pagination']\").within(() => {\n    cy.get(\"[aria-label$='Previous page']\");\n    cy.get(\"[aria-label$='Next page']\").should('not.be.disabled');\n    cy.get(\"[aria-current$='page']\").should('not.be.disabled');\n  });\n});",
              "err": {
                "message": "AssertionError: Timed out retrying after 4000ms: expected 'https://moni-admin-fe.staging.rank.africa/staff-mgt' to include '/customers'\n\nBecause this error occurred during a `before each` hook we are skipping the remaining tests in the current suite: `Customer Management - UI`",
                "estack": "AssertionError: Timed out retrying after 4000ms: expected 'https://moni-admin-fe.staging.rank.africa/staff-mgt' to include '/customers'\n\nBecause this error occurred during a `before each` hook we are skipping the remaining tests in the current suite: `Customer Management - UI`\n    at Context.eval (webpack:///./cypress/e2e/rank-admin-customer management.cy.js:13:13)",
                "diff": null
              },
              "uuid": "b8575728-0751-4260-b364-39280195d74a",
              "parentUUID": "7e0140a2-375c-4f2b-9d03-c9b8a9fe2e23",
              "isHook": false,
              "skipped": false
            }
          ],
          "suites": [],
          "passes": [],
          "failures": [
            "b8575728-0751-4260-b364-39280195d74a"
          ],
          "pending": [],
          "skipped": [],
          "duration": 16402,
          "root": false,
          "rootEmpty": false,
          "_timeout": 2000
        }
      ],
      "passes": [],
      "failures": [],
      "pending": [],
      "skipped": [],
      "duration": 0,
      "root": true,
      "rootEmpty": true,
      "_timeout": 2000
    }
  ],
  "meta": {
    "mocha": {
      "version": "7.2.0"
    },
    "mochawesome": {
      "options": {
        "quiet": false,
        "reportFilename": "mochawesome",
        "saveHtml": false,
        "saveJson": true,
        "consoleReporter": "spec",
        "useInlineDiffs": false,
        "code": true
      },
      "version": "7.1.4"
    },
    "marge": {
      "options": {
        "reportDir": "reports",
        "overwrite": false,
        "html": false,
        "json": true
      },
      "version": "6.3.0"
    }
  }
}