{
  "stats": {
    "suites": 1,
    "tests": 5,
    "passes": 5,
    "pending": 0,
    "failures": 0,
    "start": "2025-11-05T11:20:30.516Z",
    "end": "2025-11-05T11:20:42.982Z",
    "duration": 12466,
    "testsRegistered": 5,
    "passPercent": 100,
    "pendingPercent": 0,
    "other": 0,
    "hasOther": false,
    "skipped": 0,
    "hasSkipped": false
  },
  "results": [
    {
      "uuid": "b29637b3-e51a-41eb-98b4-935a872b193a",
      "title": "",
      "fullFile": "cypress/e2e/rank-admin.-authentication.cy.js",
      "file": "cypress/e2e/rank-admin.-authentication.cy.js",
      "beforeHooks": [],
      "afterHooks": [],
      "tests": [],
      "suites": [
        {
          "uuid": "c9d0a541-1feb-408f-a5d7-4459960764a1",
          "title": "Admin Login - Input validations",
          "fullFile": "",
          "file": "",
          "beforeHooks": [],
          "afterHooks": [],
          "tests": [
            {
              "title": "Admin log in - Invalid credentials (No @)",
              "fullTitle": "Admin Login - Input validations Admin log in - Invalid credentials (No @)",
              "timedOut": null,
              "duration": 4594,
              "state": "passed",
              "speed": "fast",
              "pass": true,
              "fail": false,
              "pending": false,
              "context": null,
              "code": "cy.visit('https://moni-admin-fe.staging.rank.africa/');\ncy.get(\"[type$='text']\").type(\"heymoni.com\");\ncy.get(\"[type$='password']\").type(\"myAwesomeP@ssw0rd\");\ncy.get(\"[type$='submit']\").click();\ncy.get(\"[class$='text-red text-[14px]']\").should('be.visible').and('contain', 'Invalid');",
              "err": {},
              "uuid": "c702412e-3200-473d-b78a-ad9b2763bbba",
              "parentUUID": "c9d0a541-1feb-408f-a5d7-4459960764a1",
              "isHook": false,
              "skipped": false
            },
            {
              "title": "Admin log in - Invalid credentials (No .com)",
              "fullTitle": "Admin Login - Input validations Admin log in - Invalid credentials (No .com)",
              "timedOut": null,
              "duration": 2260,
              "state": "passed",
              "speed": "fast",
              "pass": true,
              "fail": false,
              "pending": false,
              "context": null,
              "code": "cy.visit('https://moni-admin-fe.staging.rank.africa/');\ncy.get(\"[type$='text']\").type(\"heymo@nicom\");\ncy.get(\"[type$='password']\").type(\"myAwesomeP@ssw0rd\");\ncy.get(\"[type$='submit']\").click();\ncy.get(\"[class$='text-nowrap text-[13px] font-regular']\").should('be.visible').and('contain', 'email must be an email');",
              "err": {},
              "uuid": "a7eb223c-04b4-4ef3-81d6-fa13f174f995",
              "parentUUID": "c9d0a541-1feb-408f-a5d7-4459960764a1",
              "isHook": false,
              "skipped": false
            },
            {
              "title": "Admin log in - Invalid credentials (@.com)",
              "fullTitle": "Admin Login - Input validations Admin log in - Invalid credentials (@.com)",
              "timedOut": null,
              "duration": 1069,
              "state": "passed",
              "speed": "fast",
              "pass": true,
              "fail": false,
              "pending": false,
              "context": null,
              "code": "cy.visit('https://moni-admin-fe.staging.rank.africa/');\ncy.get(\"[type$='text']\").type(\"heymoni@.com\"); //\ncy.get(\"[type$='password']\").type(\"myAwesomeP@ssw0rd\");\ncy.get(\"[type$='submit']\").click();\ncy.get(\"[class$='text-red text-[14px]']\").should('be.visible').and('contain', 'Invalid');",
              "err": {},
              "uuid": "f95c6a21-7e36-439f-a5f3-6bba71a6ff02",
              "parentUUID": "c9d0a541-1feb-408f-a5d7-4459960764a1",
              "isHook": false,
              "skipped": false
            },
            {
              "title": "Admin log in - Incorrect credentials (Email)",
              "fullTitle": "Admin Login - Input validations Admin log in - Incorrect credentials (Email)",
              "timedOut": null,
              "duration": 1557,
              "state": "passed",
              "speed": "fast",
              "pass": true,
              "fail": false,
              "pending": false,
              "context": null,
              "code": "cy.visit('https://moni-admin-fe.staging.rank.africa/');\ncy.get(\"[type$='text']\").type(\"engineering90@heymoni.com\");\ncy.get(\"[type$='password']\").type(\"myAwesomeP@ssw0rd\"); //For sign in, why does it show \"Password must be 8 characters\"?\ncy.get(\"[type$='submit']\").click();\ncy.get(\"[class$='text-nowrap text-[13px] font-regular']\").should('be.visible').and('contain', 'Your credentials are incorrect');",
              "err": {},
              "uuid": "89229108-bb67-4c01-857f-a0f562206de1",
              "parentUUID": "c9d0a541-1feb-408f-a5d7-4459960764a1",
              "isHook": false,
              "skipped": false
            },
            {
              "title": "Admin log in - Incorrect credentials (Password)",
              "fullTitle": "Admin Login - Input validations Admin log in - Incorrect credentials (Password)",
              "timedOut": null,
              "duration": 1849,
              "state": "passed",
              "speed": "fast",
              "pass": true,
              "fail": false,
              "pending": false,
              "context": null,
              "code": "cy.visit('https://moni-admin-fe.staging.rank.africa/');\ncy.get(\"[type$='text']\").type(\"engineering2@heymoni.com\");\ncy.get(\"[type$='password']\").type(\"myAwesomeP@ssw0r\"); //For sign in, why does it show \"Password must be 8 characters\"?\ncy.get(\"[type$='submit']\").click();\ncy.get(\"[class$='text-nowrap text-[13px] font-regular']\").should('be.visible').and('contain', 'Invalid email or password');",
              "err": {},
              "uuid": "18fa5e2c-92d7-4909-a4cb-e19b0b0e8b15",
              "parentUUID": "c9d0a541-1feb-408f-a5d7-4459960764a1",
              "isHook": false,
              "skipped": false
            }
          ],
          "suites": [],
          "passes": [
            "c702412e-3200-473d-b78a-ad9b2763bbba",
            "a7eb223c-04b4-4ef3-81d6-fa13f174f995",
            "f95c6a21-7e36-439f-a5f3-6bba71a6ff02",
            "89229108-bb67-4c01-857f-a0f562206de1",
            "18fa5e2c-92d7-4909-a4cb-e19b0b0e8b15"
          ],
          "failures": [],
          "pending": [],
          "skipped": [],
          "duration": 11329,
          "root": false,
          "rootEmpty": false,
          "_timeout": 2000
        }
      ],
      "passes": [],
      "failures": [],
      "pending": [],
      "skipped": [],
      "duration": 0,
      "root": true,
      "rootEmpty": true,
      "_timeout": 2000
    }
  ],
  "meta": {
    "mocha": {
      "version": "7.2.0"
    },
    "mochawesome": {
      "options": {
        "quiet": false,
        "reportFilename": "mochawesome",
        "saveHtml": false,
        "saveJson": true,
        "consoleReporter": "spec",
        "useInlineDiffs": false,
        "code": true
      },
      "version": "7.1.4"
    },
    "marge": {
      "options": {
        "reportDir": "reports",
        "overwrite": false,
        "html": false,
        "json": true
      },
      "version": "6.3.0"
    }
  }
}