{
  "stats": {
    "suites": 1,
    "tests": 1,
    "passes": 0,
    "pending": 0,
    "failures": 1,
    "start": "2025-11-09T22:07:34.073Z",
    "end": "2025-11-09T22:08:13.276Z",
    "duration": 39203,
    "testsRegistered": 1,
    "passPercent": 0,
    "pendingPercent": 0,
    "other": 0,
    "hasOther": false,
    "skipped": 0,
    "hasSkipped": false
  },
  "results": [
    {
      "uuid": "168aec05-3660-4d4c-ab8d-28f38c909937",
      "title": "",
      "fullFile": "cypress/e2e/rank-admin-customer management.cy.js",
      "file": "cypress/e2e/rank-admin-customer management.cy.js",
      "beforeHooks": [],
      "afterHooks": [],
      "tests": [],
      "suites": [
        {
          "uuid": "45c4afb7-b150-4ecc-8016-b16dcecbcd7b",
          "title": "Customer Management - UI",
          "fullFile": "",
          "file": "",
          "beforeHooks": [],
          "afterHooks": [],
          "tests": [
            {
              "title": "Should have all expected clickable components visible",
              "fullTitle": "Customer Management - UI Should have all expected clickable components visible",
              "timedOut": null,
              "duration": 34857,
              "state": "failed",
              "speed": null,
              "pass": false,
              "fail": true,
              "pending": false,
              "context": null,
              "code": "// Wait for page readiness\ncy.document().its('readyState').should('eq', 'complete');\ncy.get('body', {\n  timeout: 20000\n}).should('be.visible');\n// Assertions\ncy.get('body').within(() => {\n  cy.get(\"[alt$='Rank Logo']\", {\n    timeout: 10000\n  }).should('exist');\n  cy.get(\"[data-testid$='nav-link-customers']\", {\n    timeout: 10000\n  }).should('be.visible').and('contain', 'Customers').and('not.be.disabled');\n  cy.get(\"[data-testid$='nav-link-text-staff-management']\").should('be.visible').and('not.be.disabled');\n  cy.get(\"[data-testid$='nav-link-text-fraud-management']\").should('be.visible').and('not.be.disabled');\n  cy.get(\"[data-testid$='nav-link-text-loan']\").should('be.visible').and('not.be.disabled');\n  cy.get(\"[class$='flex h-[48px] w-max items-center justify-between gap-2 border border-[#470C00] bg-[#470C00] rounded-full p-3 text-sm font-medium hover:bg-[#452a25] mb-1']\").should('be.visible').and('not.be.disabled');\n});",
              "err": {
                "message": "AssertionError: Timed out retrying after 10000ms: Expected to find element: `[alt$='Rank Logo']`, but never found it.",
                "estack": "AssertionError: Timed out retrying after 10000ms: Expected to find element: `[alt$='Rank Logo']`, but never found it.\n    at Context.eval (webpack:///./cypress/e2e/rank-admin-customer management.cy.js:48:55)\n    at withinFn (https://moni-admin-fe.staging.rank.africa/__cypress/runner/cypress_runner.js:135235:8)\n    at <unknown> (https://moni-admin-fe.staging.rank.africa/__cypress/runner/cypress_runner.js:135316:16)\n    at __WEBPACK_DEFAULT_EXPORT__ (https://moni-admin-fe.staging.rank.africa/__cypress/runner/cypress_runner.js:133169:10)\n    at Context.within (https://moni-admin-fe.staging.rank.africa/__cypress/runner/cypress_runner.js:135302:67)\n    at wrapped (https://moni-admin-fe.staging.rank.africa/__cypress/runner/cypress_runner.js:145577:19)",
                "diff": null
              },
              "uuid": "3080c2bd-778a-4074-8090-93ef64f65e4c",
              "parentUUID": "45c4afb7-b150-4ecc-8016-b16dcecbcd7b",
              "isHook": false,
              "skipped": false
            }
          ],
          "suites": [],
          "passes": [],
          "failures": [
            "3080c2bd-778a-4074-8090-93ef64f65e4c"
          ],
          "pending": [],
          "skipped": [],
          "duration": 34857,
          "root": false,
          "rootEmpty": false,
          "_timeout": 2000
        }
      ],
      "passes": [],
      "failures": [],
      "pending": [],
      "skipped": [],
      "duration": 0,
      "root": true,
      "rootEmpty": true,
      "_timeout": 2000
    }
  ],
  "meta": {
    "mocha": {
      "version": "7.2.0"
    },
    "mochawesome": {
      "options": {
        "quiet": false,
        "reportFilename": "mochawesome",
        "saveHtml": false,
        "saveJson": true,
        "consoleReporter": "spec",
        "useInlineDiffs": false,
        "code": true
      },
      "version": "7.1.4"
    },
    "marge": {
      "options": {
        "reportDir": "reports",
        "overwrite": false,
        "html": false,
        "json": true
      },
      "version": "6.3.0"
    }
  }
}