{
  "stats": {
    "suites": 6,
    "tests": 6,
    "passes": 0,
    "pending": 0,
    "failures": 6,
    "start": "2025-11-05T13:36:57.002Z",
    "end": "2025-11-05T13:37:34.793Z",
    "duration": 37791,
    "testsRegistered": 30,
    "passPercent": 0,
    "pendingPercent": 0,
    "other": 0,
    "hasOther": false,
    "skipped": 23,
    "hasSkipped": true
  },
  "results": [
    {
      "uuid": "670616e6-318f-45bd-8bfa-1b356428e593",
      "title": "",
      "fullFile": "cypress/e2e/rank-admin-customer management.cy.js",
      "file": "cypress/e2e/rank-admin-customer management.cy.js",
      "beforeHooks": [],
      "afterHooks": [],
      "tests": [],
      "suites": [
        {
          "uuid": "1649614a-6b38-4cc2-b7c0-02c838e34ec6",
          "title": "Customer Management - UI",
          "fullFile": "",
          "file": "",
          "beforeHooks": [],
          "afterHooks": [],
          "tests": [
            {
              "title": "Should have all expected clickable components visible",
              "fullTitle": "Customer Management - UI Should have all expected clickable components visible",
              "timedOut": null,
              "duration": 7411,
              "state": "failed",
              "speed": null,
              "pass": false,
              "fail": true,
              "pending": false,
              "context": null,
              "code": "cy.get(\"[class$='hidden md:block']\").within(() => {\n  cy.get(\"[class$='mb-24']\").should('be.visible');\n  cy.get(\"[class$='flex h-[48px] grow items-start justify-start gap-2 rounded-md p-3 text-sm font-medium hover:text-orange hover:font-bold md:flex-none md:p-2 md:px-3 text-orange']\").should('be.visible').and('contain', 'Customers');\n  cy.get(\"[data-testid$='nav-link-customers']\").should('be.visible').and('not.be.disabled');\n  cy.get(\"[data-testid$='nav-link-text-staff-management']\").should('be.visible').and('not.be.disabled');\n  cy.get(\"[data-testid$='nav-link-text-fraud-management']\").should('be.visible').and('not.be.disabled');\n  cy.get(\"[data-testid$='nav-link-text-loan']\").should('be.visible').and('not.be.disabled');\n  cy.get(\"[class$='flex h-[48px] w-max items-center justify-between gap-2 border border-[#470C00] bg-[#470C00] rounded-full p-3 text-sm font-medium hover:bg-[#452a25] mb-1']\").should('be.visible').and('not.be.disabled');\n});",
              "err": {
                "message": "AssertionError: Timed out retrying after 4000ms: Expected to find element: `[class$='relative z-[1] flex justify-between gap-4 mb-6 outline-none cursor-text']`, but never found it.\n\nBecause this error occurred during a `before each` hook we are skipping the remaining tests in the current suite: `Customer Management - UI`",
                "estack": "AssertionError: Timed out retrying after 4000ms: Expected to find element: `[class$='relative z-[1] flex justify-between gap-4 mb-6 outline-none cursor-text']`, but never found it.\n\nBecause this error occurred during a `before each` hook we are skipping the remaining tests in the current suite: `Customer Management - UI`\n    at Context.eval (webpack:///./cypress/e2e/rank-admin-customer management.cy.js:12:7)",
                "diff": null
              },
              "uuid": "b88bdbfd-bff4-4c6d-9f7d-e28d869bfdf0",
              "parentUUID": "1649614a-6b38-4cc2-b7c0-02c838e34ec6",
              "isHook": false,
              "skipped": false
            },
            {
              "title": "Customer management UI - 1",
              "fullTitle": "Customer Management - UI Customer management UI - 1",
              "timedOut": null,
              "duration": 0,
              "state": "skipped",
              "speed": null,
              "pass": false,
              "fail": false,
              "pending": false,
              "context": null,
              "code": "cy.url().should('include', '/customers');\ncy.get(\"[class$='rounded-lg bg-white transition-shadow duration-200 border border-gray-200 p-4 flex py-8 mb-8']\").within(() => {\n  cy.get(\"[class$='ml-8 pr-8']\").should('be.visible').and('contain', 'Tier 0').and('contain', 'Tier 1').and('contain', 'Tier 2').and('contain', 'Tier 3');\n  cy.get(\"[class$='ml-8 border-r pr-8']\").should('be.visible').and('contain', 'Onboarded users');\n  cy.get(\"[class$='ml-8 border-r pr-8']\").should('be.visible').and('contain', 'Total customers');\n});\ncy.get(\"[class$='font-bold text-[14px]']\").should('be.visible');\ncy.get(\"[class*='flex items-center']\").should('be.visible');\ncy.get(\"[alt$='right arrow']\").should('be.visible');\ncy.get(\"[class$='text-[#71717A]']\").should('be.visible').and('contain', 'Rank');\ncy.get(\"[class$='text-[#1E4D37] hover:cursor-pointer']\").should('be.visible');\ncy.get(\"[class$='__className_b9c7ce antialiased bg-[#fafafa]']\").should('contain', 'Create a client').and('not.be.disabled');\ncy.get(\"[class$='__className_b9c7ce antialiased bg-[#fafafa]']\").should('contain', 'Drafts');",
              "err": {},
              "uuid": "44a1b393-f730-4f97-ab94-793e24b4e978",
              "parentUUID": "1649614a-6b38-4cc2-b7c0-02c838e34ec6",
              "isHook": false,
              "skipped": true
            },
            {
              "title": "Customer management UI - 2",
              "fullTitle": "Customer Management - UI Customer management UI - 2",
              "timedOut": null,
              "duration": 0,
              "state": "skipped",
              "speed": null,
              "pass": false,
              "fail": false,
              "pending": false,
              "context": null,
              "code": "cy.get(\"[class$='font-bold text-[14px]']\").should('be.visible').and('contain', 'Total number of customers by period');\ncy.get(\"[class$='font-bold text-[30px]']\").should('be.visible');\ncy.get(\"[class$='__className_b9c7ce antialiased bg-[#fafafa]']\").should('be.visible').and('contain', 'Active clients');\n//cy.get(\"[class$='__className_1cbd65 border-black text-black font-bold border-b-2 py-2 w-max px-4 text-[12px] text-nowrap sm:text-[15px] flex justify-center items-center leading-[16px] cursor-pointer tab0']\").should('be.visible').and('contain', 'Drafts')\ncy.get(\"[class$='w-full flex justify-between mb-[24px]']\").within(() => {\n  cy.contains('Sort').should('be.visible');\n  cy.get(\"[alt$='sort icon']\").should('exist');\n  cy.root().should('not.be.disabled');\n});\ncy.get(\"[class$='w-full flex justify-between mb-[24px]']\").within(() => {\n  cy.contains('Filter').should('be.visible');\n  cy.get(\"[alt$='filter icon']\").should('exist');\n  cy.root().should('not.be.disabled');\n});\ncy.get(\"[class$='w-full flex justify-between mb-[24px]']\").within(() => {\n  cy.contains('Export').should('be.visible');\n  cy.root().should('not.be.disabled');\n});\ncy.get(\"#search-bar-button\").should('be.visible').and('not.be.disabled'); // Remember to add script for placeholder",
              "err": {},
              "uuid": "5ad2aca2-6bb1-4b09-a532-82d346f6da8d",
              "parentUUID": "1649614a-6b38-4cc2-b7c0-02c838e34ec6",
              "isHook": false,
              "skipped": true
            },
            {
              "title": "Customer management UI - Table",
              "fullTitle": "Customer Management - UI Customer management UI - Table",
              "timedOut": null,
              "duration": 0,
              "state": "skipped",
              "speed": null,
              "pass": false,
              "fail": false,
              "pending": false,
              "context": null,
              "code": "cy.get(\"[data-slot$='table-container'] thead tr th\").should('be.visible').and('have.length', 8).and($th => {\n  expect($th.eq(0)).to.contain('Phone number');\n  expect($th.eq(1)).to.contain(\"Customer's Name\");\n  expect($th.eq(2)).to.contain('Email address');\n  expect($th.eq(3)).to.contain('Created At');\n  expect($th.eq(4)).to.contain('Gender');\n  expect($th.eq(5)).to.contain('Nationality');\n  expect($th.eq(6)).to.contain('Place of birth');\n  expect($th.eq(7)).to.contain('Monitag');\n});\n//cy.verifyTableHasHeaders(\"[data-slot$='table-container']\", ['Phone number', \"Customer's name\", 'Email address', 'Created At', 'Gender', 'Nationality', 'Place of birth', 'Monitag']);\ncy.get(\"[data-slot$='table-container'] tbody tr\").should('have.length.at.most', 20).first().within(() => {\n  cy.get('td').eq(0).should('not.be.empty');\n  cy.get('td').eq(1).should('not.be.empty');\n  cy.get('td').eq(2).should('not.be.empty');\n  cy.get('td').eq(3).should('not.be.empty');\n  cy.get('td').eq(4).should('not.be.empty');\n  cy.get('td').eq(5).should('not.be.empty');\n  cy.get('td').eq(6).should('not.be.empty');\n  cy.get('td').eq(7).should('not.be.empty');\n});\ncy.get(\"[data-slot$='table-container'] tbody tr\").should('have.length.at.most', 20);",
              "err": {},
              "uuid": "2ee77b42-72b8-4f05-9d40-b22d89ef6043",
              "parentUUID": "1649614a-6b38-4cc2-b7c0-02c838e34ec6",
              "isHook": false,
              "skipped": true
            },
            {
              "title": "Customer UI - Pagination",
              "fullTitle": "Customer Management - UI Customer UI - Pagination",
              "timedOut": null,
              "duration": 0,
              "state": "skipped",
              "speed": null,
              "pass": false,
              "fail": false,
              "pending": false,
              "context": null,
              "code": "cy.get(\"[class$='flex items-center justify-between w-full']\").within(() => {\n  cy.get(\"[class$='flex items-center gap-4']\").within(() => {\n    cy.get(\"[class$='text-sm text-gray-600']\");\n    cy.contains('Show').should('not.be.disabled');\n  });\n  cy.get(\"[aria-label$='Pagination']\").within(() => {\n    cy.get(\"[aria-label$='Previous page']\");\n    cy.get(\"[aria-label$='Next page']\").should('not.be.disabled');\n    cy.get(\"[aria-current$='page']\").should('not.be.disabled');\n  });\n});",
              "err": {},
              "uuid": "9bbf8569-c098-4c76-9a75-642100a975ab",
              "parentUUID": "1649614a-6b38-4cc2-b7c0-02c838e34ec6",
              "isHook": false,
              "skipped": true
            }
          ],
          "suites": [],
          "passes": [],
          "failures": [
            "b88bdbfd-bff4-4c6d-9f7d-e28d869bfdf0"
          ],
          "pending": [],
          "skipped": [
            "44a1b393-f730-4f97-ab94-793e24b4e978",
            "5ad2aca2-6bb1-4b09-a532-82d346f6da8d",
            "2ee77b42-72b8-4f05-9d40-b22d89ef6043",
            "9bbf8569-c098-4c76-9a75-642100a975ab"
          ],
          "duration": 7411,
          "root": false,
          "rootEmpty": false,
          "_timeout": 2000
        },
        {
          "uuid": "7a1ae841-ff2c-47bd-ada5-b6985633cde8",
          "title": "Sorting & Filtering - Functionality check",
          "fullFile": "",
          "file": "",
          "beforeHooks": [],
          "afterHooks": [],
          "tests": [
            {
              "title": "Sorting Functionality",
              "fullTitle": "Sorting & Filtering - Functionality check Sorting Functionality",
              "timedOut": null,
              "duration": 5367,
              "state": "failed",
              "speed": null,
              "pass": false,
              "fail": true,
              "pending": false,
              "context": null,
              "code": "cy.get(\"[class$='w-full flex justify-between mb-[24px]']\").within(() => {\n  cy.contains('Sort').should('be.visible').click();\n});\nsections.forEach(section => {\n  cy.contains(\"[class$='border-b-2 p-2 text-[16px] text-[#3F3F46]']\", section).within(() => {\n    cy.contains(\"Ascending\");\n    cy.contains(\"Descending\");\n  });\n});",
              "err": {
                "message": "AssertionError: Timed out retrying after 4000ms: Expected to find element: `[class$='relative z-[1] flex justify-between gap-4 mb-6 outline-none cursor-text']`, but never found it.\n\nBecause this error occurred during a `before each` hook we are skipping the remaining tests in the current suite: `Sorting & Filtering - Funct...`",
                "estack": "AssertionError: Timed out retrying after 4000ms: Expected to find element: `[class$='relative z-[1] flex justify-between gap-4 mb-6 outline-none cursor-text']`, but never found it.\n\nBecause this error occurred during a `before each` hook we are skipping the remaining tests in the current suite: `Sorting & Filtering - Funct...`\n    at Context.eval (webpack:///./cypress/e2e/rank-admin-customer management.cy.js:126:7)",
                "diff": null
              },
              "uuid": "fcf43567-147c-4f38-bdad-d70a77082da8",
              "parentUUID": "7a1ae841-ff2c-47bd-ada5-b6985633cde8",
              "isHook": false,
              "skipped": false
            },
            {
              "title": "Sort application",
              "fullTitle": "Sorting & Filtering - Functionality check Sort application",
              "timedOut": null,
              "duration": 0,
              "state": "skipped",
              "speed": null,
              "pass": false,
              "fail": false,
              "pending": false,
              "context": null,
              "code": "cy.wait(8000);\ncy.get(\"[data-slot$='table-container'] tbody tr td:nth-child(2)\").first().then($cells => {\n  beforeSort = [...$cells].map(cell => cell.innerText.trim());\n});\ncy.get(\"[class$='w-full flex justify-between mb-[24px]']\").within(() => {\n  cy.contains('Sort').should('be.visible').click();\n});\ncy.get(\"[class$='w-[415px] p-2 flex flex-col justify-between']\");\ncy.get(\"[class$='text-[14px] pl-4']\").should('contain', 'Sort');\ncy.contains(\"[class$='border-b-2 p-2 text-[16px] text-[#3F3F46]']\", 'Customer Name').within(() => {\n  cy.contains('Ascending').click();\n  cy.contains('Descending').click();\n});\ncy.get(\"[class$='bg-black h-full px-3 py-1 ml-2 text-white rounded-lg flex justify-center items-center hover:cursor-pointer']\").click();\ncy.wait(8000);\ncy.get(\"[class$='w-[415px] p-2 flex flex-col justify-between']\").should('not.exist');\ncy.get(\"[data-slot$='table-container'] tbody tr td:nth-child(2)\").first().then($sortedCells => {\n  const afterSort = [...$sortedCells].map(cell => cell.innerText.trim());\n  const sortedAsc = [...afterSort].sort((a, b) => a.localeCompare(b));\n  expect(afterSort).to.deep.equal(sortedAsc);\n  expect(afterSort).to.not.deep.equal(beforeSort);\n});\n//Clear sort options --------------------------------------------------\ncy.get(\"[class$='w-full flex justify-between mb-[24px]']\").within(() => {\n  cy.contains('Sort').should('be.visible').click();\n});\ncy.get(\"[class$='w-[415px] p-2 flex flex-col justify-between']\");\ncy.get(\"[class$='px-4 py-2 border border-gray-300 rounded-lg hover:bg-gray-50 cursor-pointer']\").click();\ncy.get(\"[class$='w-[415px] p-2 flex flex-col justify-between']\").should('not.exist');\n//Cancel feature (x) --------------------------------------------------------\ncy.get(\"[class$='w-full flex justify-between mb-[24px]']\").within(() => {\n  cy.contains('Sort').should('be.visible').click();\n});\ncy.get(\"[class$='w-[415px] p-2 flex flex-col justify-between']\");\ncy.get(\"[data-nimg$='1']\").click();\ncy.get(\"[class$='w-[415px] p-2 flex flex-col justify-between']\").should('not.exist');",
              "err": {},
              "uuid": "492ffff1-439b-4216-8f48-741a643d33c4",
              "parentUUID": "7a1ae841-ff2c-47bd-ada5-b6985633cde8",
              "isHook": false,
              "skipped": true
            },
            {
              "title": "Filtering Check",
              "fullTitle": "Sorting & Filtering - Functionality check Filtering Check",
              "timedOut": null,
              "duration": 0,
              "state": "skipped",
              "speed": null,
              "pass": false,
              "fail": false,
              "pending": false,
              "context": null,
              "code": "filtersPrimary = {\n  'Phone Verification': ['Verified', 'Not Verified'],\n  'Email Verification': ['Verified', 'Not Verified'],\n  'Date created': ['Last 7 days', 'Last 30 days', 'Last 6 months', 'Last year'],\n  'Marital status': ['Single', 'Married', 'Divorced', 'Widowed'],\n  'Employment status': ['Employed', 'Unemployed', 'Self Employed', 'Student'],\n  'Status': ['Active', 'Inactive'],\n  'Migration status': ['Migrated', 'Not Migrated'],\n  'Manual verification': ['Verified', 'Not Verified'],\n  'Business Domain': ['CBA', 'App', 'Admin', 'Ajomoney'],\n  'Educational level': ['High School', 'Bachelor', 'Masters', 'Ph.D'],\n  'Tier Level': ['Tier 1', 'Tier 2', 'Tier 3']\n};\nsecondaryFilters = {\n  'Date created': ['Start date', 'End date'],\n  'Nationality': ['Select up to 5 countries'],\n  'Birth state': ['Select state'],\n  'Country of registration': ['Select country']\n};\nlet countries;\ncountries = ['Angola', 'Brazil', 'Canada', 'Dominica', 'Egypt', 'France', 'Gambia', 'Hong Kong', 'India', 'Japan', 'Kenya', 'Liberia', 'Mali', 'Nepal', 'Oman', 'Pakistan', 'Qatar', 'Romania', 'Samoa', 'Tunisia', 'Uganda', 'Viet Nam', 'Western Sahara', 'Yemen', 'Zambia'];\n// Open filter\ncy.get(\"[class*='w-full flex justify-between mb-[24px]']\").contains('Filter').should('be.visible').click();\ncy.get(\"[class*='p-4 h-[685px] overflow-auto']\").should('exist').within(() => {\n  cy.contains('Phone verification').parent().within(() => {\n    cy.contains('Verified').click();\n    cy.contains('Not Verified').click();\n    //----------------------------------\n    cy.contains('Verified').click();\n    cy.contains('Not Verified').click();\n  });\n});\n// Reset filter\ncy.get(\"[class*='px-4 py-2 bg-[#E4E4E7] text-black rounded-lg']\").should('be.visible').click();\n// Email verification filter\ncy.contains('Email verification').parent().within(() => {\n  cy.contains('Verified').click();\n  cy.contains('Not Verified').click();\n  //----------------------------------\n  cy.contains('Verified').click();\n  cy.contains('Not Verified').click();\n});\ncy.get(\"[class*='px-4 py-2 bg-[#E4E4E7] text-black rounded-lg']\").should('be.visible').click();\n// Date created filter\ncy.contains('Date created').parent().within(() => {\n  cy.contains('Last 7 days').click();\n  cy.contains('Last 30 days').click();\n  cy.contains('Last 6 months').click();\n  cy.contains('Last year').click();\n  //-----------------------------------\n  cy.contains('Last 7 days').click();\n  cy.contains('Last 30 days').click();\n  cy.contains('Last 6 months').click();\n  cy.contains('Last year').click();\n});\ncy.get(\"[class*='px-4 py-2 bg-[#E4E4E7] text-black rounded-lg']\").should('be.visible').click();\n// Marital status filter\ncy.contains('Marital status').parent().within(() => {\n  cy.contains('Single').click();\n  cy.contains('Married').click();\n  cy.contains('Divorced').click();\n  cy.contains('Widowed').click();\n  //-----------------------------------\n  cy.contains('Single').click();\n  cy.contains('Married').click();\n  cy.contains('Divorced').click();\n  cy.contains('Widowed').click();\n});\ncy.get(\"[class*='px-4 py-2 bg-[#E4E4E7] text-black rounded-lg']\").should('be.visible').click();\n// Emplyoment status filter\ncy.contains('Employment status').parent().within(() => {\n  cy.contains('Employed').click();\n  cy.contains('Unemployed').click();\n  cy.contains('Self Employed').click();\n  cy.contains('Student').click();\n  //-----------------------------------\n  cy.contains('Employed').click();\n  cy.contains('Unemployed').click();\n  cy.contains('Self Employed').click();\n  cy.contains('Student').click();\n});\ncy.get(\"[class*='px-4 py-2 bg-[#E4E4E7] text-black rounded-lg']\").should('be.visible').click();\n// Status filter\ncy.contains('Status').parent().within(() => {\n  cy.contains('Active').click();\n  cy.contains('Inactive').click();\n  //----------------------------------\n  cy.contains('Active').click();\n  cy.contains('Inactive').click();\n});\ncy.get(\"[class*='px-4 py-2 bg-[#E4E4E7] text-black rounded-lg']\").should('be.visible').click();\n// Migration Status filter\ncy.contains('Migration status').parent().within(() => {\n  cy.contains('Migrated').click();\n  cy.contains('Not Migrated').click();\n  //----------------------------------\n  cy.contains('Migrated').click();\n  cy.contains('Not Migrated').click();\n});\ncy.get(\"[class*='px-4 py-2 bg-[#E4E4E7] text-black rounded-lg']\").should('be.visible').click();\n// Manual Verificatoon filter\ncy.contains('Manual Verification').parent().within(() => {\n  cy.contains('Verified').click();\n  cy.contains('Not Verified').click();\n  //----------------------------------\n  cy.contains('Verified').click();\n  cy.contains('Not Verified').click();\n});\ncy.get(\"[class*='px-4 py-2 bg-[#E4E4E7] text-black rounded-lg']\").should('be.visible').click();\n// Business Domain filter\ncy.contains('Business Domain').parent().within(() => {\n  cy.contains('CBA').click();\n  cy.contains('App').click();\n  cy.contains('Admin').click();\n  cy.contains('Ajomoney').click();\n  //-----------------------------------\n  cy.contains('CBA').click();\n  cy.contains('App').click();\n  cy.contains('Admin').click();\n  cy.contains('Ajomoney').click();\n});\ncy.get(\"[class*='px-4 py-2 bg-[#E4E4E7] text-black rounded-lg']\").should('be.visible').click();\n// Education level filter\ncy.contains('Employment status').parent().within(() => {\n  cy.contains('Employed').click();\n  cy.contains('Unemployed').click();\n  cy.contains('Self Employed').click();\n  cy.contains('Student').click();\n  //-----------------------------------\n  cy.contains('Employed').click();\n  cy.contains('Unemployed').click();\n  cy.contains('Self Employed').click();\n  cy.contains('Student').click();\n});\ncy.get(\"[class*='px-4 py-2 bg-[#E4E4E7] text-black rounded-lg']\").should('be.visible').click();\n// Tier Level filter\ncy.contains('Tier Level').parent().within(() => {\n  cy.contains('Tier 1').click();\n  cy.contains('Tier 2').click();\n  cy.contains('Tier 3').click();\n  //-----------------------------------\n  cy.contains('Tier 1').click();\n  cy.contains('Tier 2').click();\n  cy.contains('Tier 3').click();\n});\ncy.get(\"[class*='px-4 py-2 bg-[#E4E4E7] text-black rounded-lg']\").should('be.visible').click();\n//Nationality filter\ncy.contains('Nationality').parent().within(() => {\n  cy.get(\"[class$='w-full bg-white relative undefined']\").click();\n});\ncy.get(\"[class$='p-4 border mt-2 w-full max-h-[400px] rounded-lg shadow-sm bg-white absolute z-10 ']\");\ncy.get(\"[class$='flex border border-grey p-2 rounded-full bg-white w-full ']\").within(() => {\n  cy.get(`[placeholder$=\"search countries\"]`).should('exist');\n});\ncy.get(\"[class$='overflow-y-auto max-h-[235px] px-4']\").within(() => {\n  countries.forEach(country => {\n    cy.contains(\"[class$='border-b w-full py-3 flex justify-between']\", country).click({\n      force: true\n    });\n  });\n  //cy.contains(\"[class$='border-b w-full py-3 flex justify-between']\", 'Angola').click({ force: true });\n});\ncy.get(\"[id$='customerCountry-add']\").click();\ncy.contains(\"[class$='py-2 flex flex-wrap']\", 'Angola');\ncy.contains(\"[class$='py-2 flex flex-wrap']\", 'Brazil');\ncy.contains(\"[class$='py-2 flex flex-wrap']\", 'Canada');\ncy.contains(\"[class$='py-2 flex flex-wrap']\", 'Dominica');\ncy.contains(\"[class$='py-2 flex flex-wrap']\", 'Egypt');\ncy.get(\"[class*='px-4 py-2 bg-[#E4E4E7] text-black rounded-lg']\").should('be.visible').click();\n//Birth state\ncy.contains('Birth state').parent().within(() => {\n  cy.get(`[id$='dropdown']`).should('contain', 'Select state');\n  cy.get(\"[id$='dropdown']\").click();\n});\ncy.get(\"[class$='absolute z-10 w-full mt-1 bg-white border rounded-lg shadow-lg max-h-60 overflow-auto']\").within(() => {\n  cy.get(\"[id$='dropdown-option-0']\").click({\n    force: true\n  });\n});\ncy.contains('Birth state').parent().within(() => {\n  cy.get(\"[id$='dropdown']\").should('contain', 'ABIA');\n});\n//------------------------------------------------\ncy.contains('Birth state').parent().within(() => {\n  cy.get(\"[id$='dropdown']\").click();\n});\ncy.get(\"[class$='absolute z-10 w-full mt-1 bg-white border rounded-lg shadow-lg max-h-60 overflow-auto']\").within(() => {\n  cy.get(\"[id$='dropdown-option-24']\").click({\n    force: true\n  });\n});\ncy.contains('Birth state').parent().within(() => {\n  cy.get(\"[id$='dropdown']\").should('contain', 'LAGOS');\n});\ncy.get(\"[class*='px-4 py-2 bg-[#E4E4E7] text-black rounded-lg']\").should('be.visible').click();\n//Country of registration\ncy.contains('Country of registration').parent().within(() => {\n  cy.get(`[id$='dropdown']`).should('contain', 'Select country');\n  cy.get(\"[id$='dropdown']\").click();\n});\ncy.get(\"[class$='absolute z-10 w-full mt-1 bg-white border rounded-lg shadow-lg max-h-60 overflow-auto']\").within(() => {\n  cy.get(\"[id$='dropdown-option-1']\").click({\n    force: true\n  });\n});\ncy.contains('Country of registration').parent().within(() => {\n  cy.get(\"[id$='dropdown']\").should('contain', 'Afghanistan');\n});\n//------------------------------------------------\ncy.contains('Country of registration').parent().within(() => {\n  cy.get(\"[id$='dropdown']\").click();\n});\ncy.get(\"[class$='absolute z-10 w-full mt-1 bg-white border rounded-lg shadow-lg max-h-60 overflow-auto']\").within(() => {\n  cy.get(\"[id$='dropdown-option-20']\").click({\n    force: true\n  });\n});\ncy.contains('Country of registration').parent().within(() => {\n  cy.get(\"[id$='dropdown']\").should('contain', 'Belarus');\n});\ncy.get(\"[class*='px-4 py-2 bg-[#E4E4E7] text-black rounded-lg']\").should('be.visible').click();\n//Date created\ncy.contains('Date created').parent().within(() => {\n  cy.get(`[data-testid$='filter-customer-date-start']`).should('contain', 'Start date').click();\n});\ncy.get(\"[class$='w-full max-w-md bg-white rounded-lg shadow-lg p-4']\").within(() => {\n  cy.contains('SUN');\n  cy.contains('MON');\n  cy.contains('TUE');\n  cy.contains('WED');\n  cy.contains('THU');\n  cy.contains('FRI');\n  cy.contains('SAT');\n  cy.contains(\"October 2025\");\n  cy.contains(\"1\");\n  cy.contains(\"10\");\n  cy.contains(\"18\");\n  cy.contains(\"29\");\n  cy.get(\"[aria-label$='Previous month']\").should('exist');\n  cy.get(\"[aria-label$='Next month']\").should('exist');\n  cy.get(\"[data-testid$='calendar-cancel']\").should('exist');\n  cy.get(\"[data-testid$='calendar-done']\").should('exist').click();\n});\n// --------------------------------------- End date\ncy.contains('Date created').parent().within(() => {\n  cy.get(`[data-testid$='filter-customer-date-end']`).should('contain', 'End date').click();\n});\ncy.get(\"[class$='w-full max-w-md bg-white rounded-lg shadow-lg p-4']\").within(() => {\n  cy.contains('SUN');\n  cy.contains('MON');\n  cy.contains('TUE');\n  cy.contains('WED');\n  cy.contains('THU');\n  cy.contains('FRI');\n  cy.contains('SAT');\n  cy.contains(\"October 2025\");\n  cy.contains(\"1\");\n  cy.contains(\"10\");\n  cy.contains(\"18\");\n  cy.contains(\"29\");\n  cy.get(\"[aria-label$='Previous month']\").should('exist');\n  cy.get(\"[aria-label$='Next month']\").should('exist');\n  cy.get(\"[data-testid$='calendar-cancel']\").should('exist');\n  cy.get(\"[data-testid$='calendar-done']\").should('exist').click();\n});",
              "err": {},
              "uuid": "fb299ed8-bc30-44d8-b82c-cde3eda94fbb",
              "parentUUID": "7a1ae841-ff2c-47bd-ada5-b6985633cde8",
              "isHook": false,
              "skipped": true
            },
            {
              "title": "Filtering Application",
              "fullTitle": "Sorting & Filtering - Functionality check Filtering Application",
              "timedOut": null,
              "duration": 0,
              "state": "skipped",
              "speed": null,
              "pass": false,
              "fail": false,
              "pending": false,
              "context": null,
              "code": "cy.wait(8000);\ncy.get(\"[data-slot$='table-container'] tbody tr td:nth-child(2)\").first().then($cells => {\n  beforeFilt = [...$cells].map(cell => cell.innerText.trim());\n});\ncy.get(\"[class*='w-full flex justify-between mb-[24px]']\").contains('Filter').should('be.visible').click();\ncy.get(\"[class*='p-4 h-[685px] overflow-auto']\").should('exist').within(() => {\n  cy.contains('Phone verification').parent().within(() => {\n    cy.contains('Verified').click();\n  });\n});\ncy.get(\"[class$='px-6 py-2 bg-black text-white rounded-lg hover:bg-gray-800']\").click();\ncy.wait(8000);\ncy.get(\"[data-slot$='table-container'] tbody tr td:nth-child(2)\").first().then($sortedCells => {\n  const afterFilt = [...$sortedCells].map(cell => cell.innerText.trim());\n  const sortedAsc = [...afterFilt].sort((a, b) => a.localeCompare(b));\n  expect(afterFilt).to.deep.equal(sortedAsc);\n  expect(afterFilt).to.not.deep.equal(beforeFilt);\n});",
              "err": {},
              "uuid": "200c19f5-701c-4242-8653-a54c6d84ee63",
              "parentUUID": "7a1ae841-ff2c-47bd-ada5-b6985633cde8",
              "isHook": false,
              "skipped": true
            },
            {
              "title": "Secondary filters check - Date created",
              "fullTitle": "Sorting & Filtering - Functionality check Secondary filters check - Date created",
              "timedOut": null,
              "duration": 0,
              "state": "skipped",
              "speed": null,
              "pass": false,
              "fail": false,
              "pending": false,
              "context": null,
              "code": "cy.get(\"[class*='w-full flex justify-between mb-[24px]']\").contains('Filter').should('be.visible').click();\n/*cy.contains('Date created').parent().within(() => {\n  cy.get(`[data-testid$='filter-customer-date-start']`).should('contain', 'Start date').click()\n})\ncy.get(\"[class$='w-full max-w-md bg-white rounded-lg shadow-lg p-4']\").within(()=> {\n  cy.contains('SUN')\n  cy.contains('MON')\n  cy.contains('TUE')\n  cy.contains('WED')\n  cy.contains('THU')\n  cy.contains('FRI')\n  cy.contains('SAT')\n  cy.contains(\"October 2025\")\n  cy.contains(\"10\").click()\n})\ncy.contains('Date created').parent().within(() => {\n  cy.get(`[data-testid$='filter-customer-date-start']`).should('contain', 'October 10, 2025')\n})*/\ncy.contains('Date created').parent().within(() => {\n  cy.get(`[data-testid$='filter-customer-date-end']`).should('contain', 'End date').click();\n});\ncy.get(\"[class$='w-full max-w-md bg-white rounded-lg shadow-lg p-4']\").within(() => {\n  cy.contains('SUN');\n  cy.contains('MON');\n  cy.contains('TUE');\n  cy.contains('WED');\n  cy.contains('THU');\n  cy.contains('FRI');\n  cy.contains('SAT');\n  cy.contains(\"October 2025\");\n  cy.contains(\"10\").click();\n});\ncy.contains('Date created').parent().within(() => {\n  cy.get(`[data-testid$='filter-customer-date-end']`).should('contain', 'October 10, 2025');\n});\ncy.get(\"[class$='px-6 py-2 bg-black text-white rounded-lg hover:bg-gray-800']\").click();\ncy.wait(8000);",
              "err": {},
              "uuid": "d83b2391-807d-420e-88c3-e1eebcb62dcd",
              "parentUUID": "7a1ae841-ff2c-47bd-ada5-b6985633cde8",
              "isHook": false,
              "skipped": true
            }
          ],
          "suites": [],
          "passes": [],
          "failures": [
            "fcf43567-147c-4f38-bdad-d70a77082da8"
          ],
          "pending": [],
          "skipped": [
            "492ffff1-439b-4216-8f48-741a643d33c4",
            "fb299ed8-bc30-44d8-b82c-cde3eda94fbb",
            "200c19f5-701c-4242-8653-a54c6d84ee63",
            "d83b2391-807d-420e-88c3-e1eebcb62dcd"
          ],
          "duration": 5367,
          "root": false,
          "rootEmpty": false,
          "_timeout": 2000
        },
        {
          "uuid": "2d589a5a-ed33-49f6-8a7b-24e2c2b81deb",
          "title": "Filter by search",
          "fullFile": "",
          "file": "",
          "beforeHooks": [],
          "afterHooks": [],
          "tests": [
            {
              "title": "Filter by search - Phone number",
              "fullTitle": "Filter by search Filter by search - Phone number",
              "timedOut": null,
              "duration": 5342,
              "state": "failed",
              "speed": null,
              "pass": false,
              "fail": true,
              "pending": false,
              "context": null,
              "code": "cy.get(\"#search-bar-button\").within(() => {\n  cy.get(`[placeholder$=\"Search by customer's name, monitag or phone number\"]`).should('exist');\n});\ncy.get(\"[class$='flex border border-grey p-1 rounded-md bg-white w-full h-min ']\").type('+2348123444444');\ncy.get(\"[data-slot$='table-container'] tbody tr\").should('have.length', 1).first().within(() => {\n  cy.get('td').eq(0).should('contain', '+2348123444444');\n});\ncy.get(\"[type$='button']\").should('contain', 'Search').click();\ncy.get(\"[data-slot$='table-container'] tbody tr\").first().within(() => {\n  cy.get('td').eq(0).should('contain', '+2348123444444');\n});\ncy.get(\"[class$='flex border border-grey p-1 rounded-md bg-white w-full h-min ']\").clear();\ncy.get(\"[data-slot$='table-container'] tbody tr\").should('have.length.at.most', 20);",
              "err": {
                "message": "AssertionError: Timed out retrying after 4000ms: Expected to find element: `[class$='relative z-[1] flex justify-between gap-4 mb-6 outline-none cursor-text']`, but never found it.\n\nBecause this error occurred during a `before each` hook we are skipping the remaining tests in the current suite: `Filter by search`",
                "estack": "AssertionError: Timed out retrying after 4000ms: Expected to find element: `[class$='relative z-[1] flex justify-between gap-4 mb-6 outline-none cursor-text']`, but never found it.\n\nBecause this error occurred during a `before each` hook we are skipping the remaining tests in the current suite: `Filter by search`\n    at Context.eval (webpack:///./cypress/e2e/rank-admin-customer management.cy.js:523:7)",
                "diff": null
              },
              "uuid": "e38e0ea9-89b2-48b6-a361-b5a0f03c5b76",
              "parentUUID": "2d589a5a-ed33-49f6-8a7b-24e2c2b81deb",
              "isHook": false,
              "skipped": false
            },
            {
              "title": "Filter by search - Monitag",
              "fullTitle": "Filter by search Filter by search - Monitag",
              "timedOut": null,
              "duration": 0,
              "state": "skipped",
              "speed": null,
              "pass": false,
              "fail": false,
              "pending": false,
              "context": null,
              "code": "cy.get(\"#search-bar-button\").within(() => {\n  cy.get(`[placeholder$=\"Search by customer's name, monitag or phone number\"]`).should('exist');\n});\ncy.get(\"[class$='flex border border-grey p-1 rounded-md bg-white w-full h-min ']\").type('j.doe');\ncy.get(\"[data-slot$='table-container'] tbody tr\").should('have.length', 1).first().within(() => {\n  cy.get('td').eq(7).should('contain', 'j.doe');\n});\ncy.get(\"[type$='button']\").should('contain', 'Search').click();\ncy.get(\"[data-slot$='table-container'] tbody tr\").should('have.length', 1).first().within(() => {\n  cy.get('td').eq(7).should('contain', 'j.doe');\n});\ncy.get(\"[class$='flex border border-grey p-1 rounded-md bg-white w-full h-min ']\").clear();\ncy.get(\"[data-slot$='table-container'] tbody tr\").should('have.length.at.most', 20);",
              "err": {},
              "uuid": "b966edb8-f27e-40b5-a955-89a1be5ca330",
              "parentUUID": "2d589a5a-ed33-49f6-8a7b-24e2c2b81deb",
              "isHook": false,
              "skipped": true
            },
            {
              "title": "Filter by search - Name",
              "fullTitle": "Filter by search Filter by search - Name",
              "timedOut": null,
              "duration": 0,
              "state": "skipped",
              "speed": null,
              "pass": false,
              "fail": false,
              "pending": false,
              "context": null,
              "code": "cy.get(\"#search-bar-button\").within(() => {\n  cy.get(`[placeholder$=\"Search by customer's name, monitag or phone number\"]`).should('exist');\n});\ncy.get(\"[class$='flex border border-grey p-1 rounded-md bg-white w-full h-min ']\").type('Client Test');\ncy.wait(8000);\ncy.get(\"[data-slot$='table-container'] tbody tr\").should('have.length', 1).last().within(() => {\n  cy.get('td').eq(1).should('contain', 'Client Test');\n});\ncy.get(\"[type$='button']\").should('contain', 'Search').click();\ncy.wait(8000);\ncy.get(\"[data-slot$='table-container'] tbody tr\").should('have.length', 1).last().within(() => {\n  cy.get('td').eq(1).should('contain', 'Client Test');\n});\ncy.get(\"[class$='flex border border-grey p-1 rounded-md bg-white w-full h-min ']\").clear();\ncy.get(\"[data-slot$='table-container'] tbody tr\").should('have.length.at.most', 20);",
              "err": {},
              "uuid": "b4339ddf-799c-4c9a-b834-4c95a9e3f9ed",
              "parentUUID": "2d589a5a-ed33-49f6-8a7b-24e2c2b81deb",
              "isHook": false,
              "skipped": true
            },
            {
              "title": "Filter by search - Empty table body",
              "fullTitle": "Filter by search Filter by search - Empty table body",
              "timedOut": null,
              "duration": 0,
              "state": "skipped",
              "speed": null,
              "pass": false,
              "fail": false,
              "pending": false,
              "context": null,
              "code": "cy.get(\"#search-bar-button\").within(() => {\n  cy.get(`[placeholder$=\"Search by customer's name, monitag or phone number\"]`).should('exist');\n});\ncy.get(\"[class$='flex border border-grey p-1 rounded-md bg-white w-full h-min ']\").type('iiiiiiiiiiiiii');\ncy.wait(8000);\ncy.get(\"[data-slot$='table-container'] tbody tr\").should('have.length', 0);\ncy.get(\"[alt$='empty box']\").should('be.visible');\ncy.get(\"[class$='font-semibold text-[2rem] text-center']\").should('contain', 'No result found!');\ncy.get(\"[class$='text-gray-600 text-center']\").should('contain', \"We couldn't find any result for this query. Try adjusting the search again\");\ncy.get(\"[class$='text-gray-600 text-center']\").should('contain', \"Try adjusting the search again\");",
              "err": {},
              "uuid": "183c9aa8-ec5a-405e-95c2-71187ffcb6b7",
              "parentUUID": "2d589a5a-ed33-49f6-8a7b-24e2c2b81deb",
              "isHook": false,
              "skipped": true
            },
            {
              "title": "Filter by search - letter population",
              "fullTitle": "Filter by search Filter by search - letter population",
              "timedOut": null,
              "duration": 0,
              "state": "skipped",
              "speed": null,
              "pass": false,
              "fail": false,
              "pending": false,
              "context": null,
              "code": "cy.get(\"#search-bar-button\").within(() => {\n  cy.get(`[placeholder$=\"Search by customer's name, monitag or phone number\"]`).should('exist');\n});\ncy.get(\"[class$='flex border border-grey p-1 rounded-md bg-white w-full h-min ']\").type('j');\ncy.wait(8000);\ncy.get(\"[data-slot$='table-container'] tbody tr\").should('have.length.at.least', 1);",
              "err": {},
              "uuid": "8f5cb923-a607-4707-9678-ee8467da19c5",
              "parentUUID": "2d589a5a-ed33-49f6-8a7b-24e2c2b81deb",
              "isHook": false,
              "skipped": true
            }
          ],
          "suites": [],
          "passes": [],
          "failures": [
            "e38e0ea9-89b2-48b6-a361-b5a0f03c5b76"
          ],
          "pending": [],
          "skipped": [
            "b966edb8-f27e-40b5-a955-89a1be5ca330",
            "b4339ddf-799c-4c9a-b834-4c95a9e3f9ed",
            "183c9aa8-ec5a-405e-95c2-71187ffcb6b7",
            "8f5cb923-a607-4707-9678-ee8467da19c5"
          ],
          "duration": 5342,
          "root": false,
          "rootEmpty": false,
          "_timeout": 2000
        },
        {
          "uuid": "d61b713e-8384-4c60-b743-0015f8cc6947",
          "title": "List of Users",
          "fullFile": "",
          "file": "",
          "beforeHooks": [],
          "afterHooks": [],
          "tests": [
            {
              "title": "Next page/Previous page navigation",
              "fullTitle": "List of Users Next page/Previous page navigation",
              "timedOut": null,
              "duration": 5376,
              "state": "failed",
              "speed": null,
              "pass": false,
              "fail": true,
              "pending": false,
              "context": null,
              "code": "cy.get(\"[aria-label$='Next page']\").click();\ncy.get(\"[data-slot$='table-container'] tbody tr\").should('have.length.at.most', 20).first().within(() => {\n  cy.get('td').eq(0).should('not.contain', '+2348123444444');\n});\n// Page navigation indication\ncy.get(\"[class$='text-sm text-gray-600']\").should('contain', 'Showing 21 - 40');\ncy.get(\"[aria-label$='Previous page']\").click();\ncy.get(\"[data-slot$='table-container'] tbody tr\").should('have.length.at.most', 20).first().within(() => {\n  cy.get('td').eq(0).should('contain', '+2348123444444');\n});\n// Page navigation indication\ncy.get(\"[class$='text-sm text-gray-600']\").should('contain', 'Showing 1 - 20');",
              "err": {
                "message": "AssertionError: Timed out retrying after 4000ms: Expected to find element: `[class$='relative z-[1] flex justify-between gap-4 mb-6 outline-none cursor-text']`, but never found it.\n\nBecause this error occurred during a `before each` hook we are skipping the remaining tests in the current suite: `List of Users`",
                "estack": "AssertionError: Timed out retrying after 4000ms: Expected to find element: `[class$='relative z-[1] flex justify-between gap-4 mb-6 outline-none cursor-text']`, but never found it.\n\nBecause this error occurred during a `before each` hook we are skipping the remaining tests in the current suite: `List of Users`\n    at Context.eval (webpack:///./cypress/e2e/rank-admin-customer management.cy.js:606:7)",
                "diff": null
              },
              "uuid": "22e449b2-fd56-4bec-aad4-1e72f458a9c3",
              "parentUUID": "d61b713e-8384-4c60-b743-0015f8cc6947",
              "isHook": false,
              "skipped": false
            },
            {
              "title": "Mid point between table pages",
              "fullTitle": "List of Users Mid point between table pages",
              "timedOut": null,
              "duration": 0,
              "state": "skipped",
              "speed": null,
              "pass": false,
              "fail": false,
              "pending": false,
              "context": null,
              "code": "cy.wait(8000);\ncy.get(\"[data-slot$='table-container'] tbody tr\").should('have.length.at.most', 20).first().within(() => {\n  cy.get('td').eq(1).should('contain', 'jon Jon.Doe Doe');\n});\ncy.get(\"[aria-hidden$='true']\").click();\ncy.get(\"[data-slot$='table-container'] tbody tr\").should('have.length.at.most', 20).first().within(() => {\n  cy.get('td').eq(1).should('not.contain', 'jon Jon.Doe Doe');\n});",
              "err": {},
              "uuid": "e7aaa7c5-80e3-4be2-a420-8bc80f86f360",
              "parentUUID": "d61b713e-8384-4c60-b743-0015f8cc6947",
              "isHook": false,
              "skipped": true
            },
            {
              "title": "Previous page disabled - First page | next page disabled - Last page",
              "fullTitle": "List of Users Previous page disabled - First page | next page disabled - Last page",
              "timedOut": null,
              "duration": 0,
              "state": "skipped",
              "speed": null,
              "pass": false,
              "fail": false,
              "pending": false,
              "context": null,
              "code": "cy.get(\"[aria-current$='page']\").should('contain', 1);\ncy.get(\"[aria-label$='Previous page']\").should('be.disabled');\ncy.get(\"[data-testid$='pagination-button-71']\").click();\ncy.get(\"[aria-current$='page']\").should('contain', 71);\ncy.get(\"[aria-label$='Next page']\").should('be.disabled');\ncy.get(\"[aria-label$='Previous page']\").should('not.be.disabled');",
              "err": {},
              "uuid": "90aa9d15-7364-4a02-bfa9-405962d1116e",
              "parentUUID": "d61b713e-8384-4c60-b743-0015f8cc6947",
              "isHook": false,
              "skipped": true
            },
            {
              "title": "Table page list size",
              "fullTitle": "List of Users Table page list size",
              "timedOut": null,
              "duration": 0,
              "state": "skipped",
              "speed": null,
              "pass": false,
              "fail": false,
              "pending": false,
              "context": null,
              "code": "cy.get(\"[data-testid$='table-page-size-select']\").select(\"Show 10\");\ncy.wait(6000);\ncy.get(\"[data-slot$='table-container'] tbody tr\").should('have.length', 10);\n// -------------- 50\ncy.get(\"[data-testid$='table-page-size-select']\").select(\"Show 50\");\ncy.wait(6000);\ncy.get(\"[data-slot$='table-container'] tbody tr\").should('have.length', 50);\n// -------------- 100\ncy.get(\"[data-testid$='table-page-size-select']\").select(\"Show 100\");\ncy.wait(6000);\ncy.get(\"[data-slot$='table-container'] tbody tr\").should('have.length', 100);\n// -------------- 200\ncy.get(\"[data-testid$='table-page-size-select']\").select(\"Show 200\");\ncy.wait(6000);\ncy.get(\"[data-slot$='table-container'] tbody tr\").should('have.length', 200);\n// -------------- 500\ncy.get(\"[data-testid$='table-page-size-select']\").select(\"Show 500\");\ncy.wait(6000);\ncy.get(\"[data-slot$='table-container'] tbody tr\").should('have.length', 500);",
              "err": {},
              "uuid": "23db9104-8074-4ee6-9c69-4fc5dc679d1b",
              "parentUUID": "d61b713e-8384-4c60-b743-0015f8cc6947",
              "isHook": false,
              "skipped": true
            },
            {
              "title": "Pagination indication functionality",
              "fullTitle": "List of Users Pagination indication functionality",
              "timedOut": null,
              "duration": 0,
              "state": "skipped",
              "speed": null,
              "pass": false,
              "fail": false,
              "pending": false,
              "context": null,
              "code": "cy.get(\"[class$='text-sm text-gray-600']\").should('contain', 'Showing 1 - 20');\ncy.get(\"[data-testid$='pagination-button-2']\").click();\ncy.get(\"[class$='text-sm text-gray-600']\").should('contain', 'Showing 21 - 40');\ncy.get(\"[data-testid$='pagination-button-3']\").click();\ncy.get(\"[class$='text-sm text-gray-600']\").should('contain', 'Showing 41 - 60');\ncy.get(\"[data-testid$='pagination-button-4']\").click();\ncy.get(\"[class$='text-sm text-gray-600']\").should('contain', 'Showing 61 - 80');\ncy.get(\"[data-testid$='pagination-button-5']\").click();\ncy.get(\"[class$='text-sm text-gray-600']\").should('contain', 'Showing 81 - 100');",
              "err": {},
              "uuid": "15da071a-1bb5-4e48-a7a7-a6d70bd49c2a",
              "parentUUID": "d61b713e-8384-4c60-b743-0015f8cc6947",
              "isHook": false,
              "skipped": true
            }
          ],
          "suites": [],
          "passes": [],
          "failures": [
            "22e449b2-fd56-4bec-aad4-1e72f458a9c3"
          ],
          "pending": [],
          "skipped": [
            "e7aaa7c5-80e3-4be2-a420-8bc80f86f360",
            "90aa9d15-7364-4a02-bfa9-405962d1116e",
            "23db9104-8074-4ee6-9c69-4fc5dc679d1b",
            "15da071a-1bb5-4e48-a7a7-a6d70bd49c2a"
          ],
          "duration": 5376,
          "root": false,
          "rootEmpty": false,
          "_timeout": 2000
        },
        {
          "uuid": "83bb813b-7df3-461c-be8e-ff2839b8ba66",
          "title": "Customer Management",
          "fullFile": "",
          "file": "",
          "beforeHooks": [],
          "afterHooks": [],
          "tests": [
            {
              "title": "Get particular a customer - Details UI Check",
              "fullTitle": "Customer Management Get particular a customer - Details UI Check",
              "timedOut": null,
              "duration": 5427,
              "state": "failed",
              "speed": null,
              "pass": false,
              "fail": true,
              "pending": false,
              "context": null,
              "code": "cy.get(\"[class$='h-full flex flex-col flex-1 overflow-y-auto']\").within(() => {\n  customerDetails.forEach(customerDetail => {\n    cy.contains(customerDetail).should('be.visible');\n  });\n  cy.contains(\"KYC\").should('be.visible');\n  cy.contains(\"Customer Management\").should('be.visible');\n  cy.get(\"[alt$='profile image']\").should('be.visible');\n  cy.contains(\"Customer's Details\").should('be.visible');\n  //cy.get(\"[class$='text-white bg-[#F31260] rounded-full px-6 py-1 w-min h-min text-[10px] text-nowrap']\")\n  cy.get(\"[type$='button']\").should('contain', 'Customer Actions').and('be.visible');\n  cy.get(\"[class$='inline-flex items-center justify-center rounded-full text-sm font-medium transition-colors bg-[#17C964] text-white px-[12px] py-[6px] px-5']\");\n  cy.contains('Details');\n  cy.contains('Account Information');\n  cy.contains('Fraud');\n  cy.contains('Loans');\n  cy.contains('Savings');\n  cy.contains('Next of kin details');\n  cy.contains('Phone number');\n  cy.contains('Name');\n  cy.contains('Email address');\n  cy.contains('Relationship');\n});\ncy.contains('Customer Management');\ncy.get(\"[alt$='profile image']\").should('be.visible');\ncy.get(\"[class$='flex items-center']\").within(() => {\n  cy.contains('Rank');\n  cy.contains('Customers');\n  cy.wait(8000);\n});",
              "err": {
                "message": "AssertionError: Timed out retrying after 4000ms: Expected to find element: `[class$='relative z-[1] flex justify-between gap-4 mb-6 outline-none cursor-text']`, but never found it.\n\nBecause this error occurred during a `before each` hook we are skipping the remaining tests in the current suite: `Customer Management`",
                "estack": "AssertionError: Timed out retrying after 4000ms: Expected to find element: `[class$='relative z-[1] flex justify-between gap-4 mb-6 outline-none cursor-text']`, but never found it.\n\nBecause this error occurred during a `before each` hook we are skipping the remaining tests in the current suite: `Customer Management`\n    at Context.eval (webpack:///./cypress/e2e/rank-admin-customer management.cy.js:712:7)",
                "diff": null
              },
              "uuid": "15e2edba-6014-4d9f-a9db-b12e2e3b7c5f",
              "parentUUID": "83bb813b-7df3-461c-be8e-ff2839b8ba66",
              "isHook": false,
              "skipped": false
            },
            {
              "title": "Get particular a customer - Account Information UI Check",
              "fullTitle": "Customer Management Get particular a customer - Account Information UI Check",
              "timedOut": null,
              "duration": 0,
              "state": "skipped",
              "speed": null,
              "pass": false,
              "fail": false,
              "pending": false,
              "context": null,
              "code": "cy.get(\"[class$='h-full flex flex-col flex-1 overflow-y-auto']\").within(() => {\n  cy.contains('Account Information').click();\n  cy.wait(8000);\n});\ncy.url().should('include', '/account-information');\ncy.get(\"[class$='flex justify-between items-center']\").within(() => {\n  cy.contains('Rank');\n  cy.contains('Customers');\n  cy.wait(8000);\n});\ncy.get(\"[class$='h-full flex flex-col flex-1 overflow-y-auto']\").within(() => {\n  cy.contains('Naira Account balance');\n  cy.contains('Ledger balance');\n  cy.contains('Account Name');\n  cy.contains('Bank');\n  cy.contains('Account No');\n  cy.contains('Main Account');\n  // <> Table ---------------------------\n  /*cy.contains('AMOUNT');\n  cy.contains(\"FEES\");\n  cy.contains('REFERENCE');\n  cy.contains('STATUS');\n  cy.contains('DATE');\n  cy.contains('BALANCE BEFORE');\n  cy.contains('BALANCE AFTER');\n  cy.contains('DESTINATION NAME');\n  cy.contains('DESTINATION ACCOUT');\n  cy.contains('DESTINATION BANK');\n  cy.contains('FLAG');\n  cy.get(\"[class$='w-full border-collapse border-none'] tbody tr\").should('not.be.empty')*/\n  // </>\n  cy.get(\"[class$='w-full flex justify-between mb-[24px]']\").within(() => {\n    cy.contains('Sort').should('be.visible');\n    cy.get(\"[alt$='sort icon']\").should('exist');\n    cy.root().should('not.be.disabled');\n  });\n  cy.get(\"[class$='w-full flex justify-between mb-[24px]']\").within(() => {\n    cy.contains('Filter').should('be.visible');\n    cy.get(\"[alt$='filter icon']\").should('exist');\n    cy.root().should('not.be.disabled');\n  });\n  cy.get(\"[class$='w-full flex justify-between mb-[24px]']\").within(() => {\n    cy.contains('Export').should('be.visible');\n    cy.root().should('not.be.disabled');\n  });\n  cy.get(\"[class$='w-1/3 flex']\").should('exist').and('not.be.disabled');\n  cy.get(\"[class$='flex items-center justify-between mt-6']\").should('contain', 'Showing');\n  cy.get(\"[class$='flex items-center justify-between mt-6']\").should('contain', 'entries');\n  cy.get(\"[data-testid$='dropdown-button']\").should('contain', 'Customer Actions').and('be.visible');\n  cy.get(\"[aria-label$='Pagination']\").within(() => {\n    cy.get(\"[aria-label$='Previous page']\").should('exist');\n    cy.get(\"[aria-label$='Next page']\").should('not.be.disabled');\n    cy.get(\"[aria-current$='page']\").should('not.be.disabled');\n  });\n  cy.contains('Customer Management');\n  cy.get(\"[alt$='profile image']\").should('be.visible');\n  cy.get(\"[class$='font-bold text-[20px]']\").should('be.visible');\n  cy.get(\"[class$='text-[24px] font-bold']\").should('be.visible');\n});",
              "err": {},
              "uuid": "bda4e8ed-500a-4e30-8acf-70581600f94b",
              "parentUUID": "83bb813b-7df3-461c-be8e-ff2839b8ba66",
              "isHook": false,
              "skipped": true
            },
            {
              "title": "Get particular a customer - Fraud UI Check",
              "fullTitle": "Customer Management Get particular a customer - Fraud UI Check",
              "timedOut": null,
              "duration": 0,
              "state": "skipped",
              "speed": null,
              "pass": false,
              "fail": false,
              "pending": false,
              "context": null,
              "code": "cy.get(\"[class$='h-full flex flex-col flex-1 overflow-y-auto']\").within(() => {\n  cy.contains('Fraud').click();\n  cy.wait(8000);\n});\ncy.url().should('include', '/fraud');\ncy.get(\"[class$='h-full flex flex-col flex-1 overflow-y-auto']\").within(() => {\n  // <> Table ---------------------------\n  /*cy.contains('AMOUNT');\n  cy.contains(\"FEES\");\n  cy.contains('REFERENCE');\n  cy.contains('STATUS');\n  cy.contains('DATE');\n  cy.contains('BALANCE BEFORE');\n  cy.contains('BALANCE AFTER');\n  cy.contains('DESTINATION NAME');\n  cy.contains('DESTINATION ACCOUT');\n  cy.contains('DESTINATION BANK');\n  cy.contains('FLAG');\n  cy.get(\"[class$='w-full border-collapse border-none'] tbody tr\").should('not.be.empty')*/\n  // </>\n  cy.get(\"[class$='w-full flex justify-between mb-6']\").within(() => {\n    cy.contains('Filter').should('be.visible');\n    cy.get(\"[alt$='filter icon']\").should('exist');\n    cy.root().should('not.be.disabled');\n  });\n  cy.get(\"[class$='w-full flex justify-between mb-6']\").within(() => {\n    cy.contains('Export').should('be.visible');\n    cy.root().should('not.be.disabled');\n  });\n  cy.get(\"[id$='search-bar-button']\").should('exist').and('not.be.disabled');\n  cy.get(\"[class$='flex items-center justify-between mt-6']\").should('contain', 'Showing');\n  cy.get(\"[class$='flex items-center justify-between mt-6']\").should('contain', 'entries');\n  cy.get(\"[data-testid$='dropdown-button']\").should('contain', 'Customer Actions').and('be.visible');\n  cy.get(\"[aria-label$='Pagination']\").within(() => {\n    cy.get(\"[aria-label$='Previous page']\").should('exist');\n    cy.get(\"[aria-label$='Next page']\").should('exist');\n    cy.get(\"[aria-current$='page']\").should('exist');\n  });\n  cy.get(\"[class$='font-bold text-[20px]']\").should('be.visible');\n  cy.get(\"[alt$='profile image']\").should('be.visible');\n  cy.contains('Customer Management');\n});\ncy.get(\"[class$='flex justify-between items-center']\").within(() => {\n  cy.contains('Rank');\n  cy.contains('Customers');\n  cy.wait(8000);\n});",
              "err": {},
              "uuid": "305437ff-3a04-48e2-9c77-dd3f79c4c895",
              "parentUUID": "83bb813b-7df3-461c-be8e-ff2839b8ba66",
              "isHook": false,
              "skipped": true
            },
            {
              "title": "Get particular a customer - Savings UI Check",
              "fullTitle": "Customer Management Get particular a customer - Savings UI Check",
              "timedOut": null,
              "duration": 0,
              "state": "skipped",
              "speed": null,
              "pass": false,
              "fail": false,
              "pending": false,
              "context": null,
              "code": "cy.get(\"[class$='h-full flex flex-col flex-1 overflow-y-auto']\").within(() => {\n  cy.contains('Savings').click();\n  cy.wait(8000);\n});\ncy.url().should('include', '/savings');\ncy.get(\"[class$='h-full flex flex-col flex-1 overflow-y-auto']\").within(() => {\n  // <> Table ---------------------------\n  /*cy.contains('AMOUNT');\n  cy.contains(\"FEES\");\n  cy.contains('REFERENCE');\n  cy.contains('STATUS');\n  cy.contains('DATE');\n  cy.contains('BALANCE BEFORE');\n  cy.contains('BALANCE AFTER');\n  cy.contains('DESTINATION NAME');\n  cy.contains('DESTINATION ACCOUT');\n  cy.contains('DESTINATION BANK');\n  cy.contains('FLAG');\n  cy.get(\"[class$='w-full border-collapse border-none'] tbody tr\").should('not.be.empty')*/\n  // </>\n  cy.contains('Total Savings Balance');\n  cy.contains('Total Interest Earned');\n  cy.contains('Active Savings Plans');\n  cy.contains('Closed Savings Plans');\n  cy.contains('Active savings plans');\n  cy.contains('Matured savings plans');\n  cy.contains('Closed savings plans');\n  cy.get(\"[class$='w-full flex justify-between mb-[24px]']\").within(() => {\n    cy.contains('Filter').should('be.visible');\n    cy.root().should('not.be.disabled');\n  });\n  cy.get(\"[data-testid$='search-bar-button']\").should('exist').and('not.be.disabled');\n  /*cy.get(\"[class$='flex items-center justify-between mt-6']\").should('contain', 'Showing')\n  cy.get(\"[class$='flex items-center justify-between mt-6']\").should('contain', 'entries')*/\n  cy.get(\"[data-testid$='dropdown-button']\").should('contain', 'Customer Actions').and('be.visible');\n  /*cy.get(\"[aria-label$='Pagination']\").within(() => {\n    cy.get(\"[aria-label$='Previous page']\").should('exist')\n    cy.get(\"[aria-label$='Next page']\").should('exist')\n    cy.get(\"[aria-current$='page']\").should('exist')\n  })*/\n  cy.get(\"[class$='font-bold text-[20px]']\").should('be.visible');\n  cy.get(\"[alt$='profile image']\").should('be.visible');\n  cy.contains('Customer Management');\n});\ncy.get(\"[class$='flex justify-between items-center']\").within(() => {\n  cy.contains('Rank');\n  cy.contains('Customers');\n  cy.wait(8000);\n});",
              "err": {},
              "uuid": "9f48b0ac-03e9-47e2-8117-08960aa2997c",
              "parentUUID": "83bb813b-7df3-461c-be8e-ff2839b8ba66",
              "isHook": false,
              "skipped": true
            },
            {
              "title": "Customer referrence ID",
              "fullTitle": "Customer Management Customer referrence ID",
              "timedOut": null,
              "duration": 0,
              "state": "skipped",
              "speed": null,
              "pass": false,
              "fail": false,
              "pending": true,
              "context": null,
              "code": "",
              "err": {},
              "uuid": "44fc628f-f544-4b36-a055-1831db9327a2",
              "parentUUID": "83bb813b-7df3-461c-be8e-ff2839b8ba66",
              "isHook": false,
              "skipped": false
            }
          ],
          "suites": [],
          "passes": [],
          "failures": [
            "15e2edba-6014-4d9f-a9db-b12e2e3b7c5f"
          ],
          "pending": [
            "44fc628f-f544-4b36-a055-1831db9327a2"
          ],
          "skipped": [
            "bda4e8ed-500a-4e30-8acf-70581600f94b",
            "305437ff-3a04-48e2-9c77-dd3f79c4c895",
            "9f48b0ac-03e9-47e2-8117-08960aa2997c"
          ],
          "duration": 5427,
          "root": false,
          "rootEmpty": false,
          "_timeout": 2000
        },
        {
          "uuid": "fa8b5bf4-5d5b-413b-87ec-93bbbd576cbb",
          "title": "Customer Management functionality check",
          "fullFile": "",
          "file": "",
          "beforeHooks": [],
          "afterHooks": [],
          "tests": [
            {
              "title": "Customer Actions - Flag customer",
              "fullTitle": "Customer Management functionality check Customer Actions - Flag customer",
              "timedOut": null,
              "duration": 5421,
              "state": "failed",
              "speed": null,
              "pass": false,
              "fail": true,
              "pending": false,
              "context": null,
              "code": "cy.get(\"[data-testid$='dropdown-button']\").should('contain', 'Customer Actions').and('be.visible').click();\ncy.get(\"[role$='menu']\").within(() => {\n  cy.contains('Flag customer').click();\n});\ncy.get(\"[class$='flex flex-col justify-between overflow-auto bg-white w-[592px] h-screen pt-10']\").should('exist').within(() => {\n  /*cy.get(\"[class$='text-xl font-semibold mb-4']\").should('contain', 'Flag User')\n  cy.contains('Report and flag a suspicious activity for further review by assigning reason, severity and action type.')\n  cy.contains('Reason (Trigger type)')\n  cy.contains('Comment')\n  cy.contains('Do you want to escalate this?')\n  cy.contains('Yes')\n  cy.contains('No')\n  cy.get(\"[type$='button']\").should('contain', 'Cancel')\n  cy.get(\"[type$='button']\").should('contain', 'Flag')\n  cy.get(\"[class$='flex flex-wrap gap-2 flex-1']\").should('contain', 'Select reason')\n  cy.get(\"[class$='w-full p-2 border border-gray-300 rounded-md focus:outline-none focus:ring-1 focus:ring-blue-500']\")*/\n});\ncy.get(\"[type$='button']\").should('contain', 'Cancel').click();",
              "err": {
                "message": "AssertionError: Timed out retrying after 4000ms: Expected to find element: `[class$='relative z-[1] flex justify-between gap-4 mb-6 outline-none cursor-text']`, but never found it.\n\nBecause this error occurred during a `before each` hook we are skipping the remaining tests in the current suite: `Customer Management functio...`",
                "estack": "AssertionError: Timed out retrying after 4000ms: Expected to find element: `[class$='relative z-[1] flex justify-between gap-4 mb-6 outline-none cursor-text']`, but never found it.\n\nBecause this error occurred during a `before each` hook we are skipping the remaining tests in the current suite: `Customer Management functio...`\n    at Context.eval (webpack:///./cypress/e2e/rank-admin-customer management.cy.js:931:7)",
                "diff": null
              },
              "uuid": "b6774e5a-8f61-4fcc-9485-51cc911781fc",
              "parentUUID": "fa8b5bf4-5d5b-413b-87ec-93bbbd576cbb",
              "isHook": false,
              "skipped": false
            },
            {
              "title": "Customer Actions - Add to watchlist",
              "fullTitle": "Customer Management functionality check Customer Actions - Add to watchlist",
              "timedOut": null,
              "duration": 0,
              "state": "skipped",
              "speed": null,
              "pass": false,
              "fail": false,
              "pending": false,
              "context": null,
              "code": "cy.get(\"[data-testid$='dropdown-button']\").should('contain', 'Customer Actions').and('be.visible').click();\ncy.get(\"[role$='menu']\").within(() => {\n  cy.contains('Add to watchlist').click();\n});\n/*cy.get(\"[class$='flex flex-col justify-between overflow-auto bg-white w-[592px] h-screen pt-10']\").should('exist').within(()=> {\n  cy.get(\"[class$='text-xl font-semibold mb-4']\").should('contain', 'Flag User')\n  cy.contains('Report and flag a suspicious activity for further review by assigning reason, severity and action type.')\n  cy.contains('Reason (Trigger type)')\n  cy.contains('Comment')\n  cy.contains('Do you want to escalate this?')\n  cy.contains('Yes')\n  cy.contains('No')\n  cy.get(\"[type$='button']\").should('contain', 'Cancel')\n  cy.get(\"[type$='button']\").should('contain', 'Flag')\n  cy.get(\"[class$='flex flex-wrap gap-2 flex-1']\").should('contain', 'Select reason')\n  cy.get(\"[class$='w-full p-2 border border-gray-300 rounded-md focus:outline-none focus:ring-1 focus:ring-blue-500']\")\n})*/\ncy.get(\"[class$='flex flex-col justify-between overflow-auto bg-white w-[592px] h-screen pt-10']\").should('exist').within(() => {\n  cy.get(\"[type$='button']\").should('contain', 'Cancel').click();\n});",
              "err": {},
              "uuid": "7cafa226-486f-4fb3-9c36-cfdf637d3f5b",
              "parentUUID": "fa8b5bf4-5d5b-413b-87ec-93bbbd576cbb",
              "isHook": false,
              "skipped": true
            },
            {
              "title": "Customer Actions - Remove from watchlist",
              "fullTitle": "Customer Management functionality check Customer Actions - Remove from watchlist",
              "timedOut": null,
              "duration": 0,
              "state": "skipped",
              "speed": null,
              "pass": false,
              "fail": false,
              "pending": false,
              "context": null,
              "code": "cy.get(\"[data-testid$='dropdown-button']\").should('contain', 'Customer Actions').and('be.visible').click();\ncy.get(\"[role$='menu']\").within(() => {\n  cy.contains('Remove from watchlist').click();\n});\n/*cy.get(\"[class$='flex flex-col justify-between overflow-auto bg-white w-[592px] h-screen pt-10']\").should('exist').within(()=> {\n  cy.get(\"[class$='text-xl font-semibold mb-4']\").should('contain', 'Flag User')\n  cy.contains('Report and flag a suspicious activity for further review by assigning reason, severity and action type.')\n  cy.contains('Reason (Trigger type)')\n  cy.contains('Comment')\n  cy.contains('Do you want to escalate this?')\n  cy.contains('Yes')\n  cy.contains('No')\n  cy.get(\"[type$='button']\").should('contain', 'Cancel')\n  cy.get(\"[type$='button']\").should('contain', 'Flag')\n  cy.get(\"[class$='flex flex-wrap gap-2 flex-1']\").should('contain', 'Select reason')\n  cy.get(\"[class$='w-full p-2 border border-gray-300 rounded-md focus:outline-none focus:ring-1 focus:ring-blue-500']\")\n})*/\ncy.get(\"[type$='button']\").should('contain', 'Cancel').click();",
              "err": {},
              "uuid": "a4d6e9bf-381b-465d-a444-81f080e75c8a",
              "parentUUID": "fa8b5bf4-5d5b-413b-87ec-93bbbd576cbb",
              "isHook": false,
              "skipped": true
            },
            {
              "title": "Customer Actions - Apply for loan",
              "fullTitle": "Customer Management functionality check Customer Actions - Apply for loan",
              "timedOut": null,
              "duration": 0,
              "state": "skipped",
              "speed": null,
              "pass": false,
              "fail": false,
              "pending": false,
              "context": null,
              "code": "cy.get(\"[data-testid$='dropdown-button']\").should('contain', 'Customer Actions').and('be.visible').click();\ncy.get(\"[role$='menu']\").within(() => {\n  cy.contains('Apply for loan').click();\n});\n/*cy.get(\"[class$='flex flex-col justify-between overflow-auto bg-white w-[592px] h-screen pt-10']\").should('exist').within(()=> {\n  cy.get(\"[class$='text-xl font-semibold mb-4']\").should('contain', 'Flag User')\n  cy.contains('Report and flag a suspicious activity for further review by assigning reason, severity and action type.')\n  cy.contains('Reason (Trigger type)')\n  cy.contains('Comment')\n  cy.contains('Do you want to escalate this?')\n  cy.contains('Yes')\n  cy.contains('No')\n  cy.get(\"[type$='button']\").should('contain', 'Cancel')\n  cy.get(\"[type$='button']\").should('contain', 'Flag')\n  cy.get(\"[class$='flex flex-wrap gap-2 flex-1']\").should('contain', 'Select reason')\n  cy.get(\"[class$='w-full p-2 border border-gray-300 rounded-md focus:outline-none focus:ring-1 focus:ring-blue-500']\")\n})*/\ncy.get(\"[type$='button']\").should('contain', 'Cancel').click();",
              "err": {},
              "uuid": "9c5769de-bcad-4f9a-b8e6-56112c088b18",
              "parentUUID": "fa8b5bf4-5d5b-413b-87ec-93bbbd576cbb",
              "isHook": false,
              "skipped": true
            },
            {
              "title": "Billers check",
              "fullTitle": "Customer Management functionality check Billers check",
              "timedOut": null,
              "duration": 0,
              "state": "skipped",
              "speed": null,
              "pass": false,
              "fail": false,
              "pending": false,
              "context": null,
              "code": "cy.get(\"[class$='h-full flex flex-col flex-1 overflow-y-auto']\").within(() => {\n  cy.contains('Savings').click();\n  cy.wait(8000);\n});\ncy.get(\"[data-testid$='pagination-button-23']\").click();\ncy.wait(5000);\ncy.get(\"[data-slot$='table-container'] tbody tr\").last().click();\ncy.wait(7000);\ncy.get(\"[data-slot$='table-container'] tbody tr\").first().click();\ncy.wait(8000);\ncy.get(\"[data-slot$='drawer-content']\").within(() => {\n  cy.get(\"[class$='lucide lucide-copy w-3.5 h-3.5']\").should('be.visible').click();\n  cy.get(\"[class$='flex items-center text-sm']\").contains('Close').click();\n});",
              "err": {},
              "uuid": "91299813-dc74-4d75-97c0-043f45b08bc9",
              "parentUUID": "fa8b5bf4-5d5b-413b-87ec-93bbbd576cbb",
              "isHook": false,
              "skipped": true
            }
          ],
          "suites": [],
          "passes": [],
          "failures": [
            "b6774e5a-8f61-4fcc-9485-51cc911781fc"
          ],
          "pending": [],
          "skipped": [
            "7cafa226-486f-4fb3-9c36-cfdf637d3f5b",
            "a4d6e9bf-381b-465d-a444-81f080e75c8a",
            "9c5769de-bcad-4f9a-b8e6-56112c088b18",
            "91299813-dc74-4d75-97c0-043f45b08bc9"
          ],
          "duration": 5421,
          "root": false,
          "rootEmpty": false,
          "_timeout": 2000
        }
      ],
      "passes": [],
      "failures": [],
      "pending": [],
      "skipped": [],
      "duration": 0,
      "root": true,
      "rootEmpty": true,
      "_timeout": 2000
    }
  ],
  "meta": {
    "mocha": {
      "version": "7.2.0"
    },
    "mochawesome": {
      "options": {
        "quiet": false,
        "reportFilename": "mochawesome",
        "saveHtml": false,
        "saveJson": true,
        "consoleReporter": "spec",
        "useInlineDiffs": false,
        "code": true
      },
      "version": "7.1.4"
    },
    "marge": {
      "options": {
        "reportDir": "reports",
        "overwrite": false,
        "html": false,
        "json": true
      },
      "version": "6.3.0"
    }
  }
}