{
  "stats": {
    "suites": 1,
    "tests": 1,
    "passes": 0,
    "pending": 0,
    "failures": 1,
    "start": "2025-11-07T16:02:38.065Z",
    "end": "2025-11-07T16:03:08.302Z",
    "duration": 30237,
    "testsRegistered": 1,
    "passPercent": 0,
    "pendingPercent": 0,
    "other": 0,
    "hasOther": false,
    "skipped": 0,
    "hasSkipped": false
  },
  "results": [
    {
      "uuid": "056d27dd-a896-4896-a890-1b1390bb797f",
      "title": "",
      "fullFile": "cypress/e2e/rank-admin-customer management.cy.js",
      "file": "cypress/e2e/rank-admin-customer management.cy.js",
      "beforeHooks": [],
      "afterHooks": [],
      "tests": [],
      "suites": [
        {
          "uuid": "a290695d-2fce-4eba-a30a-730283609188",
          "title": "Customer Management - UI",
          "fullFile": "",
          "file": "",
          "beforeHooks": [],
          "afterHooks": [],
          "tests": [
            {
              "title": "Should have all expected clickable components visible",
              "fullTitle": "Customer Management - UI Should have all expected clickable components visible",
              "timedOut": null,
              "duration": 27626,
              "state": "failed",
              "speed": null,
              "pass": false,
              "fail": true,
              "pending": false,
              "context": null,
              "code": "cy.get(\"[class$='hidden md:block']\").within(() => {\n  cy.get(\"[class$='mb-24']\").should('exist');\n  cy.get(\"[class$='flex h-[48px] grow items-start justify-start gap-2 rounded-md p-3 text-sm font-medium hover:text-orange hover:font-bold md:flex-none md:p-2 md:px-3 text-orange']\").should('be.visible').and('contain', 'Customers');\n  cy.get(\"[data-testid$='nav-link-customers']\").should('be.visible').and('not.be.disabled');\n  cy.get(\"[data-testid$='nav-link-text-staff-management']\").should('be.visible').and('not.be.disabled');\n  cy.get(\"[data-testid$='nav-link-text-fraud-management']\").should('be.visible').and('not.be.disabled');\n  cy.get(\"[data-testid$='nav-link-text-loan']\").should('be.visible').and('not.be.disabled');\n  cy.get(\"[class$='flex h-[48px] w-max items-center justify-between gap-2 border border-[#470C00] bg-[#470C00] rounded-full p-3 text-sm font-medium hover:bg-[#452a25] mb-1']\").should('be.visible').and('not.be.disabled');\n});",
              "err": {
                "message": "CypressError: `cy.within()` can only be called on a single element. Your subject contained 2 elements. Narrow down your subject to a single element (using `.first()`, for example) before calling `.within()`.\n\nTo run `.within()` over multiple subjects, use `.each()`.\n\n  `cy.get('div').each($div => {`\n  `  cy.wrap($div).within(() => { ... })`\n  `})`\n\nhttps://on.cypress.io/within",
                "estack": "CypressError: `cy.within()` can only be called on a single element. Your subject contained 2 elements. Narrow down your subject to a single element (using `.first()`, for example) before calling `.within()`.\n\nTo run `.within()` over multiple subjects, use `.each()`.\n\n  `cy.get('div').each($div => {`\n  `  cy.wrap($div).within(() => { ... })`\n  `})`\n\nhttps://on.cypress.io/within\n    at <unknown> (https://moni-admin-fe.staging.rank.africa/__cypress/runner/cypress_runner.js:135309:72)\n    at __WEBPACK_DEFAULT_EXPORT__ (https://moni-admin-fe.staging.rank.africa/__cypress/runner/cypress_runner.js:133169:10)\n    at Context.within (https://moni-admin-fe.staging.rank.africa/__cypress/runner/cypress_runner.js:135302:67)\n    at wrapped (https://moni-admin-fe.staging.rank.africa/__cypress/runner/cypress_runner.js:145577:19)\nFrom Your Spec Code:\n    at Object.proxyGetter [as get] (https://moni-admin-fe.staging.rank.africa/__cypress/runner/cypress_runner.js:80711:22)\n    at exists (https://moni-admin-fe.staging.rank.africa/__cypress/runner/cypress_runner.js:150440:26)\n    at elExists (https://moni-admin-fe.staging.rank.africa/__cypress/runner/cypress_runner.js:150455:10)\n    at ensureExistence (https://moni-admin-fe.staging.rank.africa/__cypress/runner/cypress_runner.js:150636:22)\n    at onFailFn (https://moni-admin-fe.staging.rank.africa/__cypress/runner/cypress_runner.js:150665:53)",
                "diff": null
              },
              "uuid": "4a548b1e-971c-4310-b073-b77a42764ffb",
              "parentUUID": "a290695d-2fce-4eba-a30a-730283609188",
              "isHook": false,
              "skipped": false
            }
          ],
          "suites": [],
          "passes": [],
          "failures": [
            "4a548b1e-971c-4310-b073-b77a42764ffb"
          ],
          "pending": [],
          "skipped": [],
          "duration": 27626,
          "root": false,
          "rootEmpty": false,
          "_timeout": 2000
        }
      ],
      "passes": [],
      "failures": [],
      "pending": [],
      "skipped": [],
      "duration": 0,
      "root": true,
      "rootEmpty": true,
      "_timeout": 2000
    }
  ],
  "meta": {
    "mocha": {
      "version": "7.2.0"
    },
    "mochawesome": {
      "options": {
        "quiet": false,
        "reportFilename": "mochawesome",
        "saveHtml": false,
        "saveJson": true,
        "consoleReporter": "spec",
        "useInlineDiffs": false,
        "code": true
      },
      "version": "7.1.4"
    },
    "marge": {
      "options": {
        "reportDir": "reports",
        "overwrite": false,
        "html": false,
        "json": true
      },
      "version": "6.3.0"
    }
  }
}