{
  "stats": {
    "suites": 1,
    "tests": 1,
    "passes": 1,
    "pending": 0,
    "failures": 0,
    "start": "2025-11-06T15:48:26.610Z",
    "end": "2025-11-06T15:48:29.776Z",
    "duration": 3166,
    "testsRegistered": 1,
    "passPercent": 100,
    "pendingPercent": 0,
    "other": 0,
    "hasOther": false,
    "skipped": 0,
    "hasSkipped": false
  },
  "results": [
    {
      "uuid": "f6cad203-b102-41e8-8b9c-7951b5dd4d32",
      "title": "",
      "fullFile": "cypress/e2e/rank-admin.-authentication.cy.js",
      "file": "cypress/e2e/rank-admin.-authentication.cy.js",
      "beforeHooks": [],
      "afterHooks": [],
      "tests": [],
      "suites": [
        {
          "uuid": "3900c1bd-a0f7-4930-bb0e-cc8eb00d3ac9",
          "title": "Admin Login - Input validations",
          "fullFile": "",
          "file": "",
          "beforeHooks": [],
          "afterHooks": [],
          "tests": [
            {
              "title": "Admin log in - Invalid credentials (No @)",
              "fullTitle": "Admin Login - Input validations Admin log in - Invalid credentials (No @)",
              "timedOut": null,
              "duration": 2233,
              "state": "passed",
              "speed": "fast",
              "pass": true,
              "fail": false,
              "pending": false,
              "context": null,
              "code": "cy.visit('https://moni-admin-fe.staging.rank.africa/');\ncy.get(\"[type$='text']\").type(\"heymoni.com\");\ncy.get(\"[type$='password']\").type(\"myAwesomeP@ssw0rd\");\ncy.get(\"[type$='submit']\").click();\ncy.get(\"[class$='text-red text-[14px]']\").should('be.visible').and('contain', 'Invalid');",
              "err": {},
              "uuid": "f6384f5b-2794-4aa8-9a88-a52fa980d068",
              "parentUUID": "3900c1bd-a0f7-4930-bb0e-cc8eb00d3ac9",
              "isHook": false,
              "skipped": false
            }
          ],
          "suites": [],
          "passes": [
            "f6384f5b-2794-4aa8-9a88-a52fa980d068"
          ],
          "failures": [],
          "pending": [],
          "skipped": [],
          "duration": 2233,
          "root": false,
          "rootEmpty": false,
          "_timeout": 2000
        }
      ],
      "passes": [],
      "failures": [],
      "pending": [],
      "skipped": [],
      "duration": 0,
      "root": true,
      "rootEmpty": true,
      "_timeout": 2000
    }
  ],
  "meta": {
    "mocha": {
      "version": "7.2.0"
    },
    "mochawesome": {
      "options": {
        "quiet": false,
        "reportFilename": "mochawesome",
        "saveHtml": false,
        "saveJson": true,
        "consoleReporter": "spec",
        "useInlineDiffs": false,
        "code": true
      },
      "version": "7.1.4"
    },
    "marge": {
      "options": {
        "reportDir": "reports",
        "overwrite": false,
        "html": false,
        "json": true
      },
      "version": "6.3.0"
    }
  }
}