{
  "stats": {
    "suites": 1,
    "tests": 1,
    "passes": 0,
    "pending": 0,
    "failures": 1,
    "start": "2025-11-07T15:13:47.530Z",
    "end": "2025-11-07T15:14:02.349Z",
    "duration": 14819,
    "testsRegistered": 1,
    "passPercent": 0,
    "pendingPercent": 0,
    "other": 0,
    "hasOther": false,
    "skipped": 0,
    "hasSkipped": false
  },
  "results": [
    {
      "uuid": "5247e047-732c-44da-ac40-15ad1e58232c",
      "title": "",
      "fullFile": "cypress/e2e/rank-admin-customer management.cy.js",
      "file": "cypress/e2e/rank-admin-customer management.cy.js",
      "beforeHooks": [],
      "afterHooks": [],
      "tests": [],
      "suites": [
        {
          "uuid": "b1f6eb3f-7ddc-4502-ab0f-229d201f1822",
          "title": "Customer Management - UI",
          "fullFile": "",
          "file": "",
          "beforeHooks": [],
          "afterHooks": [],
          "tests": [
            {
              "title": "Should have all expected clickable components visible",
              "fullTitle": "Customer Management - UI Should have all expected clickable components visible",
              "timedOut": null,
              "duration": 12284,
              "state": "failed",
              "speed": null,
              "pass": false,
              "fail": true,
              "pending": false,
              "context": null,
              "code": "cy.get(\"[class$='hidden md:block']\").within(() => {\n  cy.get(\"[class$='mb-24']\").should('be.visible');\n  cy.get(\"[class$='flex h-[48px] grow items-start justify-start gap-2 rounded-md p-3 text-sm font-medium hover:text-orange hover:font-bold md:flex-none md:p-2 md:px-3 text-orange']\").should('be.visible').and('contain', 'Customers');\n  cy.get(\"[data-testid$='nav-link-customers']\").should('be.visible').and('not.be.disabled');\n  cy.get(\"[data-testid$='nav-link-text-staff-management']\").should('be.visible').and('not.be.disabled');\n  cy.get(\"[data-testid$='nav-link-text-fraud-management']\").should('be.visible').and('not.be.disabled');\n  cy.get(\"[data-testid$='nav-link-text-loan']\").should('be.visible').and('not.be.disabled');\n  cy.get(\"[class$='flex h-[48px] w-max items-center justify-between gap-2 border border-[#470C00] bg-[#470C00] rounded-full p-3 text-sm font-medium hover:bg-[#452a25] mb-1']\").should('be.visible').and('not.be.disabled');\n});",
              "err": {
                "message": "AssertionError: Timed out retrying after 4000ms: expected 'https://moni-admin-fe.staging.rank.africa/' to include '/customers'\n\nBecause this error occurred during a `before each` hook we are skipping the remaining tests in the current suite: `Customer Management - UI`",
                "estack": "AssertionError: Timed out retrying after 4000ms: expected 'https://moni-admin-fe.staging.rank.africa/' to include '/customers'\n\nBecause this error occurred during a `before each` hook we are skipping the remaining tests in the current suite: `Customer Management - UI`\n    at Context.eval (webpack:///./cypress/e2e/rank-admin-customer management.cy.js:34:13)",
                "diff": null
              },
              "uuid": "8e5fecaa-415d-47ce-b7f7-99a10c9d6aec",
              "parentUUID": "b1f6eb3f-7ddc-4502-ab0f-229d201f1822",
              "isHook": false,
              "skipped": false
            }
          ],
          "suites": [],
          "passes": [],
          "failures": [
            "8e5fecaa-415d-47ce-b7f7-99a10c9d6aec"
          ],
          "pending": [],
          "skipped": [],
          "duration": 12284,
          "root": false,
          "rootEmpty": false,
          "_timeout": 2000
        }
      ],
      "passes": [],
      "failures": [],
      "pending": [],
      "skipped": [],
      "duration": 0,
      "root": true,
      "rootEmpty": true,
      "_timeout": 2000
    }
  ],
  "meta": {
    "mocha": {
      "version": "7.2.0"
    },
    "mochawesome": {
      "options": {
        "quiet": false,
        "reportFilename": "mochawesome",
        "saveHtml": false,
        "saveJson": true,
        "consoleReporter": "spec",
        "useInlineDiffs": false,
        "code": true
      },
      "version": "7.1.4"
    },
    "marge": {
      "options": {
        "reportDir": "reports",
        "overwrite": false,
        "html": false,
        "json": true
      },
      "version": "6.3.0"
    }
  }
}