{
  "stats": {
    "suites": 1,
    "tests": 1,
    "passes": 0,
    "pending": 0,
    "failures": 1,
    "start": "2025-11-07T16:18:28.695Z",
    "end": "2025-11-07T16:18:57.379Z",
    "duration": 28684,
    "testsRegistered": 1,
    "passPercent": 0,
    "pendingPercent": 0,
    "other": 0,
    "hasOther": false,
    "skipped": 0,
    "hasSkipped": false
  },
  "results": [
    {
      "uuid": "c4689490-3198-467d-b1db-b57486a25365",
      "title": "",
      "fullFile": "cypress/e2e/rank-admin-customer management.cy.js",
      "file": "cypress/e2e/rank-admin-customer management.cy.js",
      "beforeHooks": [],
      "afterHooks": [],
      "tests": [],
      "suites": [
        {
          "uuid": "d718cb04-427e-4943-88f9-821b3894a5eb",
          "title": "Customer Management - UI",
          "fullFile": "",
          "file": "",
          "beforeHooks": [],
          "afterHooks": [],
          "tests": [
            {
              "title": "Should have all expected clickable components visible",
              "fullTitle": "Customer Management - UI Should have all expected clickable components visible",
              "timedOut": null,
              "duration": 25820,
              "state": "failed",
              "speed": null,
              "pass": false,
              "fail": true,
              "pending": false,
              "context": null,
              "code": "const rankLogo = $body.find(\"[alt$='Rank Logo']\").length > 0;\ncy.get('body').within(() => {\n  cy.get(\"[alt$='Rank Logo']\").should('exist');\n  cy.get(\"[class$='flex h-[48px] grow items-start justnpx cypress runify-start gap-2 rounded-md p-3 text-sm font-medium hover:text-orange hover:font-bold md:flex-none md:p-2 md:px-3 text-orange']\").should('be.visible').and('contain', 'Customers');\n  cy.get(\"[data-testid$='nav-link-customers']\").should('be.visible').and('not.be.disabled');\n  cy.get(\"[data-testid$='nav-link-text-staff-management']\").should('be.visible').and('not.be.disabled');\n  cy.get(\"[data-testid$='nav-link-text-fraud-management']\").should('be.visible').and('not.be.disabled');\n  cy.get(\"[data-testid$='nav-link-text-loan']\").should('be.visible').and('not.be.disabled');\n  cy.get(\"[class$='flex h-[48px] w-max items-center justify-between gap-2 border border-[#470C00] bg-[#470C00] rounded-full p-3 text-sm font-medium hover:bg-[#452a25] mb-1']\").should('be.visible').and('not.be.disabled');\n});",
              "err": {
                "message": "ReferenceError: $body is not defined",
                "estack": "ReferenceError: $body is not defined\n    at Context.eval (webpack:///./cypress/e2e/rank-admin-customer management.cy.js:42:21)\n    at runnable.fn (https://moni-admin-fe.staging.rank.africa/__cypress/runner/cypress_runner.js:145850:19)\n    at callFn (https://moni-admin-fe.staging.rank.africa/__cypress/runner/cypress_runner.js:164942:21)\n    at Runnable.run (https://moni-admin-fe.staging.rank.africa/__cypress/runner/cypress_runner.js:164929:7)\n    at <unknown> (https://moni-admin-fe.staging.rank.africa/__cypress/runner/cypress_runner.js:171024:30)\n    at PassThroughHandlerContext.finallyHandler (https://moni-admin-fe.staging.rank.africa/__cypress/runner/cypress_runner.js:4042:23)\n    at PassThroughHandlerContext.tryCatcher (https://moni-admin-fe.staging.rank.africa/__cypress/runner/cypress_runner.js:1777:23)\n    at Promise._settlePromiseFromHandler (https://moni-admin-fe.staging.rank.africa/__cypress/runner/cypress_runner.js:1489:31)\n    at Promise._settlePromise (https://moni-admin-fe.staging.rank.africa/__cypress/runner/cypress_runner.js:1546:18)",
                "diff": null
              },
              "uuid": "0bcdb0fe-cc6c-4083-b05a-d01b33d5640b",
              "parentUUID": "d718cb04-427e-4943-88f9-821b3894a5eb",
              "isHook": false,
              "skipped": false
            }
          ],
          "suites": [],
          "passes": [],
          "failures": [
            "0bcdb0fe-cc6c-4083-b05a-d01b33d5640b"
          ],
          "pending": [],
          "skipped": [],
          "duration": 25820,
          "root": false,
          "rootEmpty": false,
          "_timeout": 2000
        }
      ],
      "passes": [],
      "failures": [],
      "pending": [],
      "skipped": [],
      "duration": 0,
      "root": true,
      "rootEmpty": true,
      "_timeout": 2000
    }
  ],
  "meta": {
    "mocha": {
      "version": "7.2.0"
    },
    "mochawesome": {
      "options": {
        "quiet": false,
        "reportFilename": "mochawesome",
        "saveHtml": false,
        "saveJson": true,
        "consoleReporter": "spec",
        "useInlineDiffs": false,
        "code": true
      },
      "version": "7.1.4"
    },
    "marge": {
      "options": {
        "reportDir": "reports",
        "overwrite": false,
        "html": false,
        "json": true
      },
      "version": "6.3.0"
    }
  }
}