{
  "stats": {
    "suites": 1,
    "tests": 1,
    "passes": 0,
    "pending": 0,
    "failures": 1,
    "start": "2025-11-21T06:18:53.191Z",
    "end": "2025-11-21T06:19:04.045Z",
    "duration": 10854,
    "testsRegistered": 1,
    "passPercent": 0,
    "pendingPercent": 0,
    "other": 0,
    "hasOther": false,
    "skipped": 0,
    "hasSkipped": false
  },
  "results": [
    {
      "uuid": "d76003a2-65b9-438a-bcd3-354d6f062269",
      "title": "",
      "fullFile": "cypress/e2e/Authentication/resend-otp-flow.cy.ts",
      "file": "cypress/e2e/Authentication/resend-otp-flow.cy.ts",
      "beforeHooks": [],
      "afterHooks": [],
      "tests": [],
      "suites": [
        {
          "uuid": "b9768b0f-213e-4f26-bbe1-47532d1cf4e6",
          "title": "Resend OTP flow",
          "fullFile": "",
          "file": "",
          "beforeHooks": [],
          "afterHooks": [],
          "tests": [
            {
              "title": "Resend OTP",
              "fullTitle": "Resend OTP flow Resend OTP",
              "timedOut": null,
              "duration": 9941,
              "state": "failed",
              "speed": null,
              "pass": false,
              "fail": true,
              "pending": false,
              "context": null,
              "code": "cy.visit('https://moni-admin-fe.staging.rank.africa/');\ncy.window().then((win) => {\n    win.sessionStorage.clear();\n});\ncy.get(\"[type$='text']\").type(\"qa@userank.com\");\ncy.get(\"[type$='password']\").type(\"Password@Rank1234\");\ncy.get(\"[type$='submit']\").click();\n/*cy.get(\"[class$='flex flex-col gap-y-4 items-center px-8 py-6']\")\ncy.contains('Continue').click()*/\ncy.wait(3000);\ncy.get(\"[class$='self-center space-y-2']\").should('exist').within(() => {\n    cy.get(\"[class$='font-semibold']\").should('be.visible');\n});\ncy.wait(300000);\ncy.contains('Resend OTP').click();\ncy.contains('Resending');\ncy.wait(2000);\ncy.get(\"[class$='self-center space-y-2']\").should('exist').within(() => {\n    cy.get(\"[class$='font-semibold']\").should('be.visible');\n});",
              "err": {
                "message": "AssertionError: Timed out retrying after 4000ms: Expected to find element: `[class$='self-center space-y-2']`, but never found it.",
                "estack": "AssertionError: Timed out retrying after 4000ms: Expected to find element: `[class$='self-center space-y-2']`, but never found it.\n    at Context.eval (webpack:///./cypress/e2e/Authentication/resend-otp-flow.cy.ts:13:47)",
                "diff": null
              },
              "uuid": "bb2f87d9-5a82-4b49-bbac-0f61d17b5597",
              "parentUUID": "b9768b0f-213e-4f26-bbe1-47532d1cf4e6",
              "isHook": false,
              "skipped": false
            }
          ],
          "suites": [],
          "passes": [],
          "failures": [
            "bb2f87d9-5a82-4b49-bbac-0f61d17b5597"
          ],
          "pending": [],
          "skipped": [],
          "duration": 9941,
          "root": false,
          "rootEmpty": false,
          "_timeout": 2000
        }
      ],
      "passes": [],
      "failures": [],
      "pending": [],
      "skipped": [],
      "duration": 0,
      "root": true,
      "rootEmpty": true,
      "_timeout": 2000
    }
  ],
  "meta": {
    "mocha": {
      "version": "7.2.0"
    },
    "mochawesome": {
      "options": {
        "quiet": false,
        "reportFilename": "mochawesome",
        "saveHtml": false,
        "saveJson": true,
        "consoleReporter": "spec",
        "useInlineDiffs": false,
        "code": true
      },
      "version": "7.1.4"
    },
    "marge": {
      "options": {
        "reportDir": "reports",
        "overwrite": false,
        "html": false,
        "json": true
      },
      "version": "6.3.0"
    }
  }
}