{
  "stats": {
    "suites": 1,
    "tests": 1,
    "passes": 0,
    "pending": 0,
    "failures": 1,
    "start": "2025-11-07T15:30:51.418Z",
    "end": "2025-11-07T15:31:36.545Z",
    "duration": 45127,
    "testsRegistered": 1,
    "passPercent": 0,
    "pendingPercent": 0,
    "other": 0,
    "hasOther": false,
    "skipped": 0,
    "hasSkipped": false
  },
  "results": [
    {
      "uuid": "10fa5ca8-8ac8-4cfb-9f93-57be7280fd85",
      "title": "",
      "fullFile": "cypress/e2e/rank-admin-customer management.cy.js",
      "file": "cypress/e2e/rank-admin-customer management.cy.js",
      "beforeHooks": [],
      "afterHooks": [],
      "tests": [],
      "suites": [
        {
          "uuid": "ebc7fea7-f98a-492c-954d-a432bbea5d6c",
          "title": "Customer Management - UI",
          "fullFile": "",
          "file": "",
          "beforeHooks": [],
          "afterHooks": [],
          "tests": [
            {
              "title": "Should have all expected clickable components visible",
              "fullTitle": "Customer Management - UI Should have all expected clickable components visible",
              "timedOut": null,
              "duration": 41555,
              "state": "failed",
              "speed": null,
              "pass": false,
              "fail": true,
              "pending": false,
              "context": null,
              "code": "cy.get(\"[class$='hidden md:block']\").within(() => {\n  cy.get(\"[class$='mb-24']\").should('be.visible');\n  cy.get(\"[class$='flex h-[48px] grow items-start justify-start gap-2 rounded-md p-3 text-sm font-medium hover:text-orange hover:font-bold md:flex-none md:p-2 md:px-3 text-orange']\").should('be.visible').and('contain', 'Customers');\n  cy.get(\"[data-testid$='nav-link-customers']\").should('be.visible').and('not.be.disabled');\n  cy.get(\"[data-testid$='nav-link-text-staff-management']\").should('be.visible').and('not.be.disabled');\n  cy.get(\"[data-testid$='nav-link-text-fraud-management']\").should('be.visible').and('not.be.disabled');\n  cy.get(\"[data-testid$='nav-link-text-loan']\").should('be.visible').and('not.be.disabled');\n  cy.get(\"[class$='flex h-[48px] w-max items-center justify-between gap-2 border border-[#470C00] bg-[#470C00] rounded-full p-3 text-sm font-medium hover:bg-[#452a25] mb-1']\").should('be.visible').and('not.be.disabled');\n});",
              "err": {
                "message": "AssertionError: Timed out retrying after 30000ms: expected 'https://moni-admin-fe.staging.rank.africa/' to include '/customers'\n\nBecause this error occurred during a `before each` hook we are skipping the remaining tests in the current suite: `Customer Management - UI`",
                "estack": "AssertionError: Timed out retrying after 30000ms: expected 'https://moni-admin-fe.staging.rank.africa/' to include '/customers'\n\nBecause this error occurred during a `before each` hook we are skipping the remaining tests in the current suite: `Customer Management - UI`\n    at Context.eval (webpack:///./cypress/e2e/rank-admin-customer management.cy.js:35:31)",
                "diff": null
              },
              "uuid": "b37b5203-c9c8-4b67-b687-355e2de7a103",
              "parentUUID": "ebc7fea7-f98a-492c-954d-a432bbea5d6c",
              "isHook": false,
              "skipped": false
            }
          ],
          "suites": [],
          "passes": [],
          "failures": [
            "b37b5203-c9c8-4b67-b687-355e2de7a103"
          ],
          "pending": [],
          "skipped": [],
          "duration": 41555,
          "root": false,
          "rootEmpty": false,
          "_timeout": 2000
        }
      ],
      "passes": [],
      "failures": [],
      "pending": [],
      "skipped": [],
      "duration": 0,
      "root": true,
      "rootEmpty": true,
      "_timeout": 2000
    }
  ],
  "meta": {
    "mocha": {
      "version": "7.2.0"
    },
    "mochawesome": {
      "options": {
        "quiet": false,
        "reportFilename": "mochawesome",
        "saveHtml": false,
        "saveJson": true,
        "consoleReporter": "spec",
        "useInlineDiffs": false,
        "code": true
      },
      "version": "7.1.4"
    },
    "marge": {
      "options": {
        "reportDir": "reports",
        "overwrite": false,
        "html": false,
        "json": true
      },
      "version": "6.3.0"
    }
  }
}