{
  "stats": {
    "suites": 1,
    "tests": 1,
    "passes": 0,
    "pending": 0,
    "failures": 1,
    "start": "2025-11-07T16:10:05.978Z",
    "end": "2025-11-07T16:10:49.341Z",
    "duration": 43363,
    "testsRegistered": 1,
    "passPercent": 0,
    "pendingPercent": 0,
    "other": 0,
    "hasOther": false,
    "skipped": 0,
    "hasSkipped": false
  },
  "results": [
    {
      "uuid": "21d1da3c-13c7-4120-ac74-34d8333d7ff0",
      "title": "",
      "fullFile": "cypress/e2e/rank-admin-customer management.cy.js",
      "file": "cypress/e2e/rank-admin-customer management.cy.js",
      "beforeHooks": [],
      "afterHooks": [],
      "tests": [],
      "suites": [
        {
          "uuid": "41d3cd32-d3b3-416b-b012-306002d722f1",
          "title": "Customer Management - UI",
          "fullFile": "",
          "file": "",
          "beforeHooks": [],
          "afterHooks": [],
          "tests": [
            {
              "title": "Should have all expected clickable components visible",
              "fullTitle": "Customer Management - UI Should have all expected clickable components visible",
              "timedOut": null,
              "duration": 41336,
              "state": "failed",
              "speed": null,
              "pass": false,
              "fail": true,
              "pending": false,
              "context": null,
              "code": "cy.get('body').within(() => {\n  cy.get(\"[alt$='Rank Logo']\").should('exist');\n  cy.get(\"[class$='flex h-[48px] grow items-start justnpx cypress runify-start gap-2 rounded-md p-3 text-sm font-medium hover:text-orange hover:font-bold md:flex-none md:p-2 md:px-3 text-orange']\").should('be.visible').and('contain', 'Customers');\n  cy.get(\"[data-testid$='nav-link-customers']\").should('be.visible').and('not.be.disabled');\n  cy.get(\"[data-testid$='nav-link-text-staff-management']\").should('be.visible').and('not.be.disabled');\n  cy.get(\"[data-testid$='nav-link-text-fraud-management']\").should('be.visible').and('not.be.disabled');\n  cy.get(\"[data-testid$='nav-link-text-loan']\").should('be.visible').and('not.be.disabled');\n  cy.get(\"[class$='flex h-[48px] w-max items-center justify-between gap-2 border border-[#470C00] bg-[#470C00] rounded-full p-3 text-sm font-medium hover:bg-[#452a25] mb-1']\").should('be.visible').and('not.be.disabled');\n});",
              "err": {
                "message": "AssertionError: Timed out retrying after 15000ms: Expected to find element: `[alt$='Rank Logo']`, but never found it.",
                "estack": "AssertionError: Timed out retrying after 15000ms: Expected to find element: `[alt$='Rank Logo']`, but never found it.\n    at Context.eval (webpack:///./cypress/e2e/rank-admin-customer management.cy.js:43:35)\n    at withinFn (https://moni-admin-fe.staging.rank.africa/__cypress/runner/cypress_runner.js:135235:8)\n    at <unknown> (https://moni-admin-fe.staging.rank.africa/__cypress/runner/cypress_runner.js:135316:16)\n    at __WEBPACK_DEFAULT_EXPORT__ (https://moni-admin-fe.staging.rank.africa/__cypress/runner/cypress_runner.js:133169:10)\n    at Context.within (https://moni-admin-fe.staging.rank.africa/__cypress/runner/cypress_runner.js:135302:67)\n    at wrapped (https://moni-admin-fe.staging.rank.africa/__cypress/runner/cypress_runner.js:145577:19)",
                "diff": null
              },
              "uuid": "e3f3d2fc-592f-4e5f-b6a2-6625fefdf9c0",
              "parentUUID": "41d3cd32-d3b3-416b-b012-306002d722f1",
              "isHook": false,
              "skipped": false
            }
          ],
          "suites": [],
          "passes": [],
          "failures": [
            "e3f3d2fc-592f-4e5f-b6a2-6625fefdf9c0"
          ],
          "pending": [],
          "skipped": [],
          "duration": 41336,
          "root": false,
          "rootEmpty": false,
          "_timeout": 2000
        }
      ],
      "passes": [],
      "failures": [],
      "pending": [],
      "skipped": [],
      "duration": 0,
      "root": true,
      "rootEmpty": true,
      "_timeout": 2000
    }
  ],
  "meta": {
    "mocha": {
      "version": "7.2.0"
    },
    "mochawesome": {
      "options": {
        "quiet": false,
        "reportFilename": "mochawesome",
        "saveHtml": false,
        "saveJson": true,
        "consoleReporter": "spec",
        "useInlineDiffs": false,
        "code": true
      },
      "version": "7.1.4"
    },
    "marge": {
      "options": {
        "reportDir": "reports",
        "overwrite": false,
        "html": false,
        "json": true
      },
      "version": "6.3.0"
    }
  }
}